        real*4 a(*)
        real*4 LPROB(*),LODDUR(*),
!       real*4 Time0,Time1,bclk
        real*4 Arg
          Nearly0=abs(Arg)<SmallReal
      real*4 function IntegralPower(x,n) ! returns the integral power of a real base
        real*4 x
      real*4 function InnerProduct(x,y,n)
        real*4 s,x(*),y(*)
        s=0.0 ! consider use of real*8
      real*4 function yInterpolate(xMid,x1,x2,y1,y2)
        real*4 xMid,x1,x2,y1,y2
      real*4 function GaussianDen(zGD)
        real*4
     +    MaxReal,
     +    MinReal,
     +    SqrtMinReal,
     +    MaxReal=9.0e37, ! a bit conservative for real*4, but sufficient
     +    MinReal=1.1e-38,
     +    SqrtMinReal=1.04e-19,
     +    MaxLn=87.39, ! alog(MaxReal)
        real*4 zGD,t
          GaussianDen=SqrtMinReal
      real*4 function CCNFmd(zCCN)
        real*4 zCCN,t
      real*4 function NormalOrd(x,Mu,Sigma)
        real*4 x,z,Mu,Sigma,GaussianDen,CCNFmd
        real*8 TailUQ
        real*4
        real*4
        real*4 AuxDualMult(:),AuxColumn(:),d(:),Phi(:),DualVar(:),
        real*4 HeldCumul(LimCumulants,0:LimAbnModes),
        real*4
        real*4 CostUQ,CapacUQ,RHS,SupRHS,SupCost,SysCap,Capaci,
        real*4 CELB(*),CEUB(*)
        real*4 LPROB(*),LODDUR(*)
        real*4 xOrg,xWidth,xDomain(0:1),xGrid(0:1),yGrid(0:1)
        real*8 MinArea
        real*4 StdDev,Density,c1,c2,z,xLod,yPrb,ySum,GaussianDen,CCNFmd,
        real*4 CapOutage,PrOutage,nmFactor
        real*4 LoadStepSize,LoadProbed,AvgOrdinate,PriorAvgOrd
        real*8 OrigUQ
        real*4 yDecrement,yDecNormal,LocalMean,ResidSlope,
        real*4 x1,x2,y1,y2,DeltaX,DeltaY,DistrMean,TermsOfOrderK,
        real*4 SigMN
        real*4 fVal
        real*4 InnerProduct,CallersQ,ENERGY(2,*), ! ,MWBLOK(*),MAINTENANCE_RATE(*)
        real*4 sCP
        real*4 kDotProd,RowPrimary(nMI,nMI),NewCol(nMI)
        real*4 Scalar,RowVect(*),v(*)
        real*4 AColumnSC(nAux,*),AccumColumnSC(*)
        real*4 bAccum,xAHold,xjHold,DisCapac,ChgQ,DisQ,SumStgRHS,
        real*8 ThisUQ,ChgUQ
        real*4 xAcMKV
        real*4 xAccumCAB,xAccumInit,xKeyPrev,xDisPrev,xAggNoSplit,
        real*8 PrevUQ,FirmUQ
        real*4 xAcCSV
        real*4 xAccumSI
        real*4 xAccumLA
        real*4 EscalationFactor,FactorToKthPower
        real*4 xZero,FracStep,
        real*4 Capac,EFOR,EqAv,xShifted,yAtxShifted,yInterpolate,
        real*4 yOrg(0:*),yNow(0:*)
        real*4 UnsvdQ
        real*4 AvgDurat(LimUnknowns),PrevAvg,Avg2ndP,PrevCap,Cap2ndP
        real*4 HeldElement,PivotElement,Factor,ArrayOrg(nRows,nRows),
        real*4 Alpha
!       real*4 PrevCapac,CapIncr,AccumArea,AccumXInSet,AccumDj
        real*8 PrevCapac,AccumArea,AccumXInSet,AccumDj
        real*4 CapIncr
        real*4 OptDual
!       real*4 LPROB(*),LODDUR(*)
        NonzeroPeak=LPROB(nPoints)>SmallReal
!       real*4 CELB(*),CEUB(*)
!       real*4
!       real*4 CostUQ,CapacUQ,RHS,SupRHS,SupCost,SysCap,Capaci,BlkCoeff,SlackCoeff,
            Capacity(j1)=real(Multiplicity)*Capacity(j1)
            Capacity(j2)=real(Multiplicity)*Capacity(j2)
c!            I4_BRem=I4_BRem*2 ! for real*4 arrays [valid when calling cmove]
          if(Capaci<SmallReal*MWBLOK(i)) then ! ignore vars with capacity on outage
        SupcModBP0=-LargeReal ! 0 should suffice
            Capacity(j1)=real(Multiplicity)*Capacity(j1)
        SmallCost=SmallReal*SupCost ! make thresholds relate to the data
        SmallArea=SmallReal*SysCap ! *Duration
        LargeArea=LargeReal*SysCap ! *Duration
            AuxRHS(iAux)=real(Multiplicity)*AuxRHS(iAux)
!               if(AuxCoeff(j)>SmallReal)
            if(abs(AuxCoeff(j))>SmallReal) then
            if(SupRHS<SmallReal) then
!           the 0 cost does not match the cost of either real var, the dummy
!       real*4 InnerProduct,CallersQ,ENERGY(2,*), ! ,MWBLOK(*),MAINTENANCE_RATE(*)
          CallersQ=x(j)/real(Multiplicity)
          Capacity(j)=Capacity(j)/real(Multiplicity) ! useful only if PrtDetail>1
              CallersQ=x(j)/real(-BlockPos(j)) ! allocate x(j) equitably among blocks
!       real*4 fVal
!       real*4 SigMN
!       real*4 x1,x2,y1,y2,DeltaX,DeltaY,DistrMean,TermsOfOrderK,
!           do k=2,nKappa+1 CtMoment[k-1]=CtMoment[k-1]+Slope*(x2^k-x1^k)/real(k)
!           do k=1,nKappa   CtMoment[k  ]=CtMoment[k  ]+Slope*(x2^k+1-x1^k+1)/real(k+1)
     +          real(kGMC+1)
     +          DeltaY*TermsOfOrderK/real(kGMC+1)
!       real*4 yDecrement,yDecNormal,LocalMean,ResidSlope,
!       real*4 LoadStepSize,LoadProbed,AvgOrdinate,PriorAvgOrd
!       real*8 OrigUQ
!       real*4 CapOutage,PrOutage,nmFactor
              CapOutage=Capacity(j)/real(nIdent)
                NCMoment(k)=PrOutage*real(nIdent) ! =Sterling(1,k)*(PrOutage**1)*nIdent
                nmFactor=real(nIdent*(nIdent-1))
     +              real(Sterling(m,k))*nmFactor*(PrOutage**m)
                  nmFactor=nmFactor*real(nIdent-m)
!       real*8 MinArea
!       real*4 StdDev,Density,c1,c2,z,xLod,yPrb,ySum,GaussianDen,CCNFmd,
!       StdDev=dsqrt(dble(EqLCumul(2,0))) ! need EqLCumul to be real*8 for improvement
!         z=z/(real(kFTA)*StdDev) ! perhaps slower than the one-line assignment below
        ! Hermite(jFTA+1)=z*Hermite(jFTA)-real(jFTA  )*Hermite(jFTA-1)
          Hermite(jFTA)=z*Hermite(jFTA-1)-real(jFTA-1)*Hermite(jFTA-2) ! needed for yPrb
        ! if(jFTA<SupiHP) Hermite(jFTA)=z*Hermite(jFTA-1)-real(jFTA-1)*Hermite(jFTA-2) ! suffices for TailUQ
!       real*4 xOrg,xWidth,xDomain(0:1),xGrid(0:1),yGrid(0:1)
!       real*4 HeldElement,PivotElement,Factor,ArrayOrg(nRows,nRows),
        I4_nBinRow=4*nRows ! for 4-byte reals
!       real*4 AvgDurat(LimUnknowns),PrevAvg,Avg2ndP,PrevCap,Cap2ndP
!       real*4 UnsvdQ
!       real*4 yOrg(0:*),yNow(0:*)
!       real*4 Capac,EFOR,EqAv,xShifted,yAtxShifted,yInterpolate,
!       real*4 xZero,FracStep,
!       real*4 EscalationFactor,FactorToKthPower
!       real*4 xAccumLA
!       real*4 xAccumSI
!       real*4 xAcCSV
!       real*4 xAccumCAB,xAccumInit,xKeyPrev,xDisPrev,xAggNoSplit,xAggPrev,xKeyDecr,
!       real*8 PrevUQ,FirmUQ
            elseif(x(jKey)>-SmallReal) then
              x(jKey)=-SmallReal ! unnecessary, but indicates need for reassignment
!       real*4 xAcMKV
!       real*4 bAccum,xAHold,xjHold,DisCapac,ChgQ,DisQ,SumStgRHS,
!       real*8 ThisUQ,ChgUQ
          MeanDxLoad=(EqLoad(nPoints)-EqLoad(1))/real(nPoints-1)
!       real*4 AColumnSC(nAux,*),AccumColumnSC(*)
!       real*4 Scalar,RowVect(*),v(*)
!       real*4 kDotProd,RowPrimary(nMI,nMI),NewCol(nMI)
!       real*4 sCP
!       real*4 OptDual
        OptDual=SmallCost !SmallReal !0.0 ! scan for largest positive DualVar
!      !real*4 PrevCapac,CapIncr,AccumArea,AccumXInSet,AccumDj
!       real*8 PrevCapac,AccumArea,AccumXInSet,AccumDj
!       real*4 CapIncr
            ! avoid reallocating GrayOrder if FctVoidOfDj
                ! call AugmentOrderGray(Base2LogSize) ! inline to allow reallocation
                  call CopyLinRVec0(GrayOrder,HoldOrder,1+SupiGr) ! copy as if real*4
                  call CopyLinRVec0(HoldOrder,GrayOrder,HalfSize) ! copy as if real*4
!             if((AccumDj>SmallReal).and.(ThisBitPattern/=FullBitPattern)) then
              if(AccumDj>SmallReal) then
                if((InfRHS>RHS*NoiseFactor).and.(RHS>=-SmallReal)) then
!       real*4 Alpha
        if(InfRHS>SmallReal) then ! remove ineligibility for ChooseDescentDirection
