      CHARACTER*5 BASE_FILE_NAME,OVERLAY_FAMILY_NAME,
      CHARACTER*14 COMPANY_NAME
      CHARACTER*256 FILE_NAME
      CHARACTER*256 BASE_FILE_DIRECTORY
      CHARACTER*256 DATA_DRIVE,OUTPUT_DIRECTORY
      CHARACTER*1024 RECLN
      CHARACTER*16 FILE_TYPE/'TRANSACT Ties   '/
      CHARACTER*2 TRTIE_OL/'BC'/
      CHARACTER*30 SCREEN_OUTPUT
     +                                    ' a "," in a character name.',
      CHARACTER*20 R_TRANS_NAME
      CHARACTER*9 CL_MONTH_NAME(13),MONTH_NAME*20
      CHARACTER*5 BASE_FILE_NAME,OVERLAY_FAMILY_NAME,
      CHARACTER*4 DAY_TYPE_NAME
      CHARACTER*256 FILE_NAME
      CHARACTER*256 BASE_FILE_DIRECTORY
      CHARACTER*256 DATA_DRIVE,OUTPUT_DIRECTORY
      CHARACTER*1024 RECLN
      CHARACTER*16 FILE_TYPE/'Day Type        '/
      CHARACTER*2 DAY_TYPE_OL/'BC'/
      CHARACTER*30 SCREEN_OUTPUT
!     +              ' a "," in a character name.'
     +                                    ' a "," in a character name.',
      CHARACTER*1 WVPA_RATE_TRACKER,WVPA_MEM_TRACKER
      CHARACTER*5 BASE_FILE_NAME,OVERLAY_FAMILY_NAME,
      CHARACTER*256 FILE_NAME
      CHARACTER*256 BASE_FILE_DIRECTORY
      CHARACTER*256 DATA_DRIVE,OUTPUT_DIRECTORY
      CHARACTER*36   DERIV_GUID
      CHARACTER*50   COMMENT
      CHARACTER*20   TRANSACTION_NAME,COUNTERPARTY_NAME,
      CHARACTER*6
      CHARACTER*10
      CHARACTER*12
      CHARACTER*20
      CHARACTER*25
      CHARACTER*1
      CHARACTER*2    UNIT_TYPE,UNIT_TYPE_CATEGORY
      CHARACTER*3    COUNTERPARTY_BOND_RATING
      CHARACTER*2048 RECLN
      CHARACTER*16 FILE_TYPE/'Energy Products '/
      CHARACTER*30 SCREEN_OUTPUT
      CHARACTER (LEN=2) FILE_CODES(0:MAX_PRODUCTS_FILES-1)
      CHARACTER (LEN=13) BINARY_FILE_NAMES(0:MAX_PRODUCTS_FILES-1)
      CHARACTER (LEN=5) :: BASE_FILE_NAMES(0:MAX_PRODUCTS_FILES-1)
      CHARACTER (LEN=2) ::  ENERGY_PRODUCTS_OL(0:MAX_PRODUCTS_FILES-1)
      CHARACTER*(*) OVERLAY_FILE_NAMES(0:*)
      CHARACTER*6 UNIT_CATEGORY,FUEL_TYPE
      CHARACTER*1 UNIT_CONTING_MARKET_SUPPLEMENT
         CHARACTER (LEN=1)  :: IS_AN_EXCHANGE_AGREEMENT
         CHARACTER (LEN=10) :: EXCHANGE_TYPE
         CHARACTER (LEN=3)  :: RESERVES_INCLUDED  ! Yes, No
         CHARACTER (LEN=5) :: DELIVERY_ZONE  ! East, West
         CHARACTER (LEN=2) :: MarketHubID
         CHARACTER (LEN=5) :: CalCongestion,LMPActive
         CHARACTER (LEN=3) :: LMPScenarioNum
         CHARACTER (LEN=22) :: IncExpenseAssignment
         CHARACTER (LEN=22) :: IncRevenueAssignment
         CHARACTER (LEN=5) :: CapMarketType
         CHARACTER (LEN=7) :: CapMarketMonth
         CHARACTER (LEN=17) :: CapExpenseCollection
     +                                    ' a "," in a character name.',
      CHARACTER*36  DERIV_GUID
      CHARACTER*2   UNIT_TYPE,UNIT_TYPE_CATEGORY
      CHARACTER*1    LOCAL_ASSIGNMENT(2)/'O','P'/
      CHARACTER*20   LOCAL_PRODUCT_TYPE(NUM_PRODUCTS)
      CHARACTER*20   TRANSACTION_NAME(:),
      CHARACTER*(*) R_GET_MONTHLY_TRANS_VARIABLES
      CHARACTER*1
      CHARACTER*6 UNIT_CATEGORY(:),
      CHARACTER*6
      CHARACTER*10
      CHARACTER*12
      CHARACTER*20
      CHARACTER*25
         CHARACTER (LEN=1)  :: IS_AN_EXCHANGE_AGREEMENT
         CHARACTER (LEN=10) :: EXCHANGE_TYPE
         CHARACTER (LEN=3)  :: RESERVES_INCLUDED  ! Yes, No
         CHARACTER (LEN=5) :: DELIVERY_ZONE  ! East, West
      CHARACTER*2    TYPE_CHAR(0:12)/'  ','FO','PC','PP','FA','FC','FP',
      CHARACTER*3 COUNTERPARTY_BOND_RATING(:)
      CHARACTER*6   FUEL_TYPE(:)
         CHARACTER*9 CL_MONTH_NAME(14)
         CHARACTER*35 GET_GROUP_NAME
         CHARACTER (LEN=22) :: IncExpenseAssignment,IncRevenueAssignment
         CHARACTER (LEN=2) :: LMPMarketHubID
         CHARACTER (LEN=3) :: LMPScenarioNum
         CHARACTER (LEN=15) :: LMP_TempPriceFileNames
         CHARACTER (LEN=5) :: LMPActive,LMPCalc
         CHARACTER (LEN=20) :: ScenarioLoadShape
         CHARACTER (LEN=5) :: ProductHourlyRefName
         CHARACTER (LEN=5), ALLOCATABLE :: DerivCapMarketType(:)
         CHARACTER (LEN=7), ALLOCATABLE :: DerivCapMarketMonth(:)
         CHARACTER (LEN=17), ALLOCATABLE :: DerivCapExpenseCollection(:)
         CHARACTER (LEN=15), ALLOCATABLE :: LMPDerivPriceFileNames(:)
         character*32 :: bad_vector_name
      CHARACTER*20 R_PRODUCT_TYPE
      CHARACTER*5 BASE_FILE_NAME/'NONE '/,OVERLAY_FAMILY_NAME,
      CHARACTER*4 MARKET_PRICE_NAME
      CHARACTER*256 FILE_NAME
      CHARACTER*256 BASE_FILE_DIRECTORY
      CHARACTER*256 DATA_DRIVE,OUTPUT_DIRECTORY,PRB_FILE_DIRECTORY
      CHARACTER*16 FILE_TYPE/'Market Prices   '/
      CHARACTER*30 SCREEN_OUTPUT
      CHARACTER*5 BASE_FILE_NAME/'NONE '/,OVERLAY_FAMILY_NAME,
      CHARACTER*4 NEW_MARKET_PRICE_NAME
      CHARACTER*256 FILE_NAME
      CHARACTER*256 BASE_FILE_DIRECTORY,PRB_FILE_DIRECTORY
      CHARACTER*256 DATA_DRIVE,OUTPUT_DIRECTORY
      CHARACTER*16 FILE_TYPE/'Market Prices   '/
      CHARACTER*30 SCREEN_OUTPUT
      CHARACTER*5 BASE_FILE_NAME/'NONE '/,OVERLAY_FAMILY_NAME,
      CHARACTER*4 ELECT_HOUR_MULT_NAME
      CHARACTER*256 FILE_NAME
      CHARACTER*256 BASE_FILE_DIRECTORY,SHB_FILE_DIRECTORY
      CHARACTER*256 DATA_DRIVE,OUTPUT_DIRECTORY
      CHARACTER*16 FILE_TYPE/'Elect Hour Mult '/
      CHARACTER*30 SCREEN_OUTPUT
      CHARACTER*2 LOAD_FILE_CHAR_EXT
      CHARACTER*5 ELECT_HOUR_MULT_NAME
      CHARACTER*8 EEICODE
      CHARACTER*256 FILE_NAME
      CHARACTER*256 BASE_FILE_DIRECTORY,SHB_FILE_DIRECTORY
      CHARACTER*2 ST_LHS_FOR_PRICES,
      CHARACTER*3 SCEN_FILE_CHAR_EXT
      CHARACTER*8 EEICODE
      CHARACTER*256 FILE_NAME
      CHARACTER*256 BASE_FILE_DIRECTORY,SHB_FILE_DIRECTORY
      CHARACTER*2 LOAD_FILE_CHAR_EXT
      CHARACTER*5 GAS_HOUR_MULT_NAME
      CHARACTER*8 EEICODE
      CHARACTER*256 FILE_NAME
      CHARACTER*256 BASE_FILE_DIRECTORY,SHB_FILE_DIRECTORY
      CHARACTER*2 LOAD_FILE_CHAR_EXT
      CHARACTER*5 OIL_HOUR_MULT_NAME
      CHARACTER*8 EEICODE
      CHARACTER*256 FILE_NAME
      CHARACTER*256 BASE_FILE_DIRECTORY,SHB_FILE_DIRECTORY
      CHARACTER*5 BASE_FILE_NAME/'NONE '/,OVERLAY_FAMILY_NAME,
      CHARACTER*4 GAS_HOUR_MULT_NAME
      CHARACTER*256 FILE_NAME
      CHARACTER*256 BASE_FILE_DIRECTORY,SHB_FILE_DIRECTORY
      CHARACTER*256 DATA_DRIVE,OUTPUT_DIRECTORY
      CHARACTER*16 FILE_TYPE/'Gas Hour Mult   '/
      CHARACTER*30 SCREEN_OUTPUT
      CHARACTER*5 BASE_FILE_NAME/'NONE '/,OVERLAY_FAMILY_NAME,
      CHARACTER*4 OIL_HOUR_MULT_NAME
      CHARACTER*256 FILE_NAME
      CHARACTER*256 BASE_FILE_DIRECTORY,SHB_FILE_DIRECTORY
      CHARACTER*256 DATA_DRIVE,OUTPUT_DIRECTORY
      CHARACTER*16 FILE_TYPE/'OIL Hour Mult   '/
      CHARACTER*30 SCREEN_OUTPUT
      CHARACTER*5 BASE_FILE_NAME/'NONE '/,OVERLAY_FAMILY_NAME,
      CHARACTER*4 SCENARIO_HOURLY_NAME
      CHARACTER*256 FILE_NAME
      CHARACTER*256 SHB_FILE_DIRECTORY
      CHARACTER*256 DATA_DRIVE,OUTPUT_DIRECTORY
      CHARACTER*16 FILE_TYPE/'Scenario Hourly '/
      CHARACTER*30 SCREEN_OUTPUT
      CHARACTER*5 BASE_FILE_NAME/'NONE '/,OVERLAY_FAMILY_NAME,
      CHARACTER*4 REFERENCE_LOAD_NAME
      CHARACTER*256 FILE_NAME,SAVE_FILE_DIR
      CHARACTER*256 BASE_FILE_DIRECTORY,LDE_FILE_DIRECTORY
      CHARACTER*256 DATA_DRIVE,OUTPUT_DIRECTORY
      CHARACTER*16 FILE_TYPE/'Reference Load  '/
      CHARACTER*30 SCREEN_OUTPUT
      CHARACTER*5 BSYRLOAD,SAVE_REFERENCE_LOAD,PUT_REFERENCE_LOAD,
      CHARACTER*256 R_FULL_FILE_NAME,SAVE_FULL_FILE_NAME,
      CHARACTER*(*) R_TRANS_GROUP_NAME
      CHARACTER*9 CL_MONTH_NAME(13)
      CHARACTER*20 MONTH_NAME,R_UNIT_NAME
      CHARACTER*9 CL_MONTH_NAME(13)
      CHARACTER*20 MONTH_NAME,R_UNIT_NAME
      CHARACTER*5 BASE_FILE_NAME,OVERLAY_FAMILY_NAME,
      CHARACTER*30 SELLER_NAME,BUYER_NAME
      CHARACTER*256 FILE_NAME
      CHARACTER*256 BASE_FILE_DIRECTORY
      CHARACTER*256 DATA_DRIVE,OUTPUT_DIRECTORY
      CHARACTER*1  PATH_ACTIVE
      CHARACTER*2  MARKET_PRICE_ID
      CHARACTER*3  SCENARIO_NUM
      CHARACTER*1024 RECLN
      CHARACTER*16 FILE_TYPE/'TRANSACT Paths  '/
      CHARACTER*2  TRPATH_OL/'BC'/
      CHARACTER*30 SCREEN_OUTPUT
!     +              ' a "," in a character name.'
     +                                    ' a "," in a character name.',
      CHARACTER*1 PATH_ACTIVE
      CHARACTER*30 BUYER_NAME,SELLER_NAME
      CHARACTER*2 MARKET_PRICE_ID(:)
      CHARACTER*3 SCENARIO_NUM(:),SCENARIO_REFERENCE_NUM
      CHARACTER*65 LONG_PATH_NAME(:)
      CHARACTER*20 PATH_NAME(:),
      CHARACTER*2   LOAD_FILE_CHAR_EXT
      CHARACTER*256 FILE_NAME,
      CHARACTER*8 EEICODE
         CHARACTER*9 R_MONTH_NAME
         CHARACTER*5 MARKET_PRICE_NAME
         CHARACTER*3 GET_HOURLY_PRICE_NAME
      CHARACTER*8 CONSTRAINT_ID*20,SOURCE
      CHARACTER*1 CONSTRAINT_ACTIVE,SEASON,
      CHARACTER*5 BASE_FILE_NAME,OVERLAY_FAMILY_NAME,
      CHARACTER*256 FILE_NAME
      CHARACTER*256 BASE_FILE_DIRECTORY
      CHARACTER*256 DATA_DRIVE,OUTPUT_DIRECTORY
      CHARACTER*1024 RECLN
      CHARACTER*23 FILE_TYPE/'TRANSACT Tie Constraint'/
      CHARACTER*2  TRCON_OL/'BC'/
      CHARACTER*30 SCREEN_OUTPUT
!     +              ' a "," in a character name.'
     +                                    ' a "," in a character name.',
      CHARACTER*20 BUYER_NAME,SELLER_NAME
      CHARACTER*8 CONSTRAINT_ID(:)*20,
      CHARACTER*1 CONSTRAINT_ACTIVE,
         CHARACTER (LEN=1), ALLOCATABLE :: PRODUCT_ACTIVE(:)
