      INTEGER*2 DELETE,INUNIT,IREC,LRECL/117/,DAY
      INTEGER IOS
      INTEGER*2 UNIT_NUM/10/,GENCO,MAX_GENCO
      INTEGER*2 ALINE_LOAD_DATA,UTILITY,R_MONTH
      INTEGER*2 LOAD_START_REC(13)
      INTEGER*2 DELETE,
      INTEGER*4 VALUES_2_ZERO
      INTEGER*2   LAST_SEASON/0/,PRODUCTION_PERIODS,
      INTEGER TRANS_TRM_REC
      INTEGER*2 DELETE,INUNIT,IREC,LRECL/100/
      INTEGER IOS
      INTEGER*2   UNIT_NUM/10/,HOURS_PER_DAY,
      INTEGER*2 TABLE_VALUE(HOURS_PER_DAY)
      INTEGER*4 VALUES_2_ZERO
      INTEGER*2 DELETE,HOURS_PER_DAY,DAY_TYPES_IN_MONTH,MONTHS_PER_YEAR,
      INTEGER*2 DAY_TYPE_DATA(HOURS_PER_DAY,DAY_TYPES_IN_MONTH,
      INTEGER*2 DELETE,INUNIT,IREC,LRECL/1048/ ! 082221 ! 081521 ! 062621 ! 120218 ! 080117! 120412 ! 051112! 022810 ! 072009 ADDED GRX ID ! 042609 ADDED 15 VARIABLES FOR SUPER MRX !090706.
      INTEGER IOS
      INTEGER*2   UNIT_NUM/10/
      INTEGER*8      DERIV_PARENT_ID
      INTEGER*2
      INTEGER*4
      INTEGER*4      TRANSACTION_ID
      INTEGER*2      TRANSACTION_GROUP,
      INTEGER (KIND=2), ALLOCATABLE :: TRANS_CLASS_POINTER(:),
      INTEGER*4      BEGIN_DATE,END_DATE,
      INTEGER (KIND=2) :: FILE_ID,R_MAX_NUM_OF_FILES,R_FILE_ID
      INTEGER (KIND=2), PARAMETER :: MAX_PRODUCTS_FILES=8
      INTEGER (KIND=4) :: TRANSACTIONS_IN_FILE(0:MAX_PRODUCTS_FILES-1)/
         INTEGER (KIND=2)   :: JOINT_TRANSACTION_ID ! 13
         INTEGER (KIND=2)   :: FirstYearAvailable,
         INTEGER (KIND=2) :: RPS_PROGRAM_NUMBER
         INTEGER (KIND=4) :: CapMarketPointer
      INTEGER*2      YR,CURRENT_RECORD,NUM_TRANSACTIONS/0/,TRANS,DELETE,
      INTEGER*8     DERIV_PARENT_ID
      INTEGER*2      MAX_MONTHLY_GROUPS,
      integer :: bad_index_value, max_index_value
      INTEGER*2 R_MAX_MONTHLY_GROUPS,
      INTEGER*2
      INTEGER*4
         INTEGER (KIND=2)   :: JOINT_TRANSACTION_ID
         INTEGER (KIND=2)   :: FirstYearAvailable,
      INTEGER*2   LOCAL_UNIT_ID,
      INTEGER*4      TRANSACTION_ID(:)
      INTEGER*2
      INTEGER*4      BEGIN_DATE,
      INTEGER*2 RETURN_ANNUL_DERIV_VARIABLES,
      INTEGER VALUES_2_ZERO
      INTEGER*2 ::  SEVEN_I2=7
      INTEGER (KIND=2) :: MAX_ENRG_PRODUCT_FILES,
      INTEGER (KIND=4) :: NUM_TRANSACTIONS_IN_FILE,IOS
         INTEGER*2 HOURS_STRUCK,R_DAYS_IN_MONTH,DOW_PROD_HOURS(8,6),
         INTEGER*2 LIM_NBV
         INTEGER*2
         integer*2 PrtDetail,
         integer*2 jHr,iHr,iDa,nDa,iGP,
         INTEGER*2   HOURLY_STORAGE_REPORT_HEADER,
         INTEGER*4 HOURLY_STORAGE_REC
         INTEGER*2 R_CALENDAR_YEAR,R_DAYS_IN_YEAR,HOUR_IN_YEAR,iMo,jMo,
         INTEGER*2 HIGH_HOUR(12),LOW_HOUR(12),MARGIN_ORDER(144),
         INTEGER*2 R_TRANS,R_START_YEAR,R_EP_YEARS,HR
         INTEGER (KIND=2) :: INCOME_STATEMENT_POSITION
         INTEGER (KIND=2) :: ProductHourlyRefNumber,
         INTEGER (KIND=4), ALLOCATABLE :: DerivCapMarketPointer(:),
         INTEGER (KIND=4) :: ActiveDirvs
         INTEGER (KIND=2), ALLOCATABLE :: DerivIncExpensePtr(:),
         INTEGER (KIND=2), ALLOCATABLE :: LMPDerivPriceFilePointer(:)
         INTEGER (KIND=4) :: LMPDerivActivePriceFiles
         integer :: ubound_tmp
         integer ::  tg_ubound, ft_index, ft_ubound,
      integer*2 nItems,i,j,k,Gap,Ofs(*),Hold
      INTEGER*2 I,R_TEMP_STRIKES
      INTEGER*2 I,R_DAILY_STRIKES,R_TYPE_OF_DERIV,
      INTEGER*2   R_HOUR_IN_DAY,R_DAY_IN_WEEK
      INTEGER*4 N,I
      INTEGER*4 SIGN,N,I
      INTEGER*2 R_HOUR,R_MONTH,MONTH,R_YEAR,R_END_POINT,
      INTEGER*2 TIMZON,TEMPER,DELTMP,
      INTEGER*2 R_HOUR,R_MONTH,MONTH,R_YEAR,R_END_POINT,
      INTEGER*2 TIMZON,TEMPER,DELTMP,
      INTEGER  VALUES_2_ZERO
      INTEGER*2 R_HOUR,R_MONTH,MONTH,R_YEAR,R_END_POINT,
      INTEGER*2 TIMZON,TEMPER,DELTMP,
      INTEGER*2 R_HOUR,R_MONTH,MONTH,R_YEAR,R_END_POINT,
      INTEGER*2 TIMZON,TEMPER,DELTMP,
      INTEGER*2 PRICE_POINTS,MAX_POINTS
      INTEGER*2   I,HR,IMAX,HOURS,HOURS_INCREMENT,IPEAK,COUNT,
      INTEGER*2   IPNT,STORE_IPNT,HALF_POINT,START,END,
      INTEGER*2 SET_CURRENT_IPNT
      INTEGER*2   USER_DURATION_NO,USER_DURATION_HEADER,
      INTEGER*2 INTERVALS_1,INTERVALS_2,
      INTEGER USER_DURATION_REC
      INTEGER*2 PRICE_POINTS,MAX_POINTS
      INTEGER*2   I,HR,IMAX,HOURS,HOURS_INCREMENT,IPEAK,COUNT,
      INTEGER*2   IPNT,STORE_IPNT,HALF_POINT,START,END,
      INTEGER*2 SET_CURRENT_IPNT
      INTEGER*2   MARKET_DURATION_NO,MARKET_DURATION_HEADER,
      INTEGER MARKET_DURATION_REC
      INTEGER*2 DELETE,INUNIT,IREC,LRECL/146/
      INTEGER IOS
      INTEGER*2   UNIT_NUM/10/,MAX_WHEELS,
      INTEGER*2   WHEEL_PATH(MAX_WHEELS),
      INTEGER*2   TRANS_LINE_INDEX
      INTEGER*4   VALUES_2_ZERO
      INTEGER*2   DELETE,I,J,K,CURRENT_RECORD,TRANS_GROUP,
      INTEGER*2 R_SELLER_PATH,R_BUYER_PATH
      INTEGER*2, INTENT(IN) :: R_SELLER,R_BUYER
      INTEGER*2   NUMBER_OF_WHEELS(MAX_PATHS_PER_PAIR),
      INTEGER*2 PATHS_LONG_PATHS/0/,L_BUYER,L_SELLER
      INTEGER*2
      INTEGER*2   TRANS_LINE_INDEX(:),GRX_ID(:),GRX_ID_INDEX(10000)
      INTEGER*2 TIMZON,TEMPER,DELTMP,DAY,
      integer*2 iLine,iNode,jNode,PathID
         INTEGER*2   R_END_POINT,R_DAY
         INTEGER*2   HOURLY_FLOW_REPORT_VARIABLES,
         INTEGER*4   HOURLY_FLOW_ANALYST_REC,
      INTEGER*2 DELETE,INUNIT,IREC,LRECL/100/ ! 052712 KCPL
      INTEGER IOS
      INTEGER*2   UNIT_NUM/10/
      INTEGER*2   TRANS_LINE_INDEX
      INTEGER*2   FROM_AREA(10),TO_AREA(10)
      INTEGER*2   SAVE_NUMBER_OF_CONSTRAINTS/0/,
      INTEGER*2   DELETE,I,J,K,CURRENT_RECORD,TRANS_GROUP,
      INTEGER*2   TRANS_LINE_INDEX,
      INTEGER*2   FROM_AREA(:,:),TO_AREA(:,:)
      INTEGER*2
      INTEGER*2 INT2_ARGUMENT
      INTEGER*2 HOUR
      INTEGER*2 I,J,K,L,M,
      INTEGER*2 HIGH_HOUR(12),LOW_HOUR(12),MARGIN_ORDER(144),
         INTEGER (KIND=2), ALLOCATABLE :: MONTHLY_TRANS_HOURS(:,:),
         INTEGER (KIND=2), STORAGE_TRANS_HOURS(12),INDEP_POINTER
      INTEGER*2     IND,R_TRANS,HYBRID_PROD_POINTER,
