      LOGICAL*4   FILE_EXISTS,TIE_FILE_EXISTS/.FALSE./,
      LOGICAL*1 LAHEY_LF95
      LOGICAL*1 LAHEY_LF95
      LOGICAL*1   READ_TRANSACT_TIE_DATA,
      LOGICAL*4 TIE_FILE_EXISTS
      LOGICAL*1 TRMS_REPORT_NOT_OPEN/.TRUE./,TRMS_REPORT_ACTIVE/.TRUE./,
      LOGICAL*4   FILE_EXISTS,DAY_TYPE_FILE_EXISTS/.FALSE./,
      LOGICAL*1 LAHEY_LF95
      LOGICAL*1 READ_DAY_TYPE_DATA
      LOGICAL*4 DAY_TYPE_FILE_EXISTS
      LOGICAL*4   FILE_EXISTS,ENERGY_PRODUCTS_FILE_EXISTS/.FALSE./,
      LOGICAL*1 LAHEY_LF95
      LOGICAL ACTIVE_BASE_FILES(0:MAX_PRODUCTS_FILES-1)/
      LOGICAL (KIND=1) :: OVERLAY_FILE_EXISTS(0:*),R_ACTIVE_FILE
      LOGICAL*1      READ_ENERGY_PRODUCTS_DATA,
      LOGICAL*4      ENERGY_PRODUCTS_FILE_EXISTS,
      LOGICAL*1 SAVE_VALUES,
      LOGICAL (KIND=1) :: FILE_ACTIVE
         LOGICAL*1 MONTHLY_CALL_PUT_CAPACITY
         LOGICAL*1 ! STRIKES_LIMITED,
         logical*1 Economical,Feasible,DailyOperMoPumpedStorage,
         LOGICAL*1   YES_HOURLY_GRX_STORAGE_REPORT,
         LOGICAL*1 ANNUAL_CALL_PUT_CAPACITY,L_DUMMY,
         LOGICAL*1 R_GET_ESC_NRG_PRICE
         LOGICAL (KIND=1) :: LMP_IS_ACTIVE
         LOGICAL (KIND=4), ALLOCATABLE :: DerivCalCongestion(:)
         LOGICAL (KIND=4), ALLOCATABLE :: DerivLMPActive(:)
         logical :: rep_failed, tg_element_failed, ft_element_failed,
     +                  R_YES_REPORT_PRODUCT, ! LOGICAL
      logical*1 Ascending ! .false. => Descending order
      LOGICAL*1   APPLY_ENERGY_PRODUCT,ON_PEAK,SUPER_PEAK
      LOGICAL*4   FILE_EXISTS
      LOGICAL*1 LAHEY_LF95
      LOGICAL*4   FILE_EXISTS
      LOGICAL*1 LAHEY_LF95
      LOGICAL*4   FILE_EXISTS
      LOGICAL*1 LAHEY_LF95
      LOGICAL*1 ANN_HOURLY_SCEN_ELECT_MULT,
      LOGICAL*4 FILE_EXISTS
      LOGICAL*1 ANN_HRLY_TG_SCEN_ELECT_MULT,
      LOGICAL*4 FILE_EXISTS
      LOGICAL*1 ANN_HOURLY_SCEN_GAS_MULT,
      LOGICAL*4 FILE_EXISTS
      LOGICAL*1 ANN_HOURLY_SCEN_OIL_MULT,
      LOGICAL*4 FILE_EXISTS
      LOGICAL*4   FILE_EXISTS
      LOGICAL*1 LAHEY_LF95
      LOGICAL*4   FILE_EXISTS
      LOGICAL*1 LAHEY_LF95
      LOGICAL*4   FILE_EXISTS
      LOGICAL*1 LAHEY_LF95
      LOGICAL*4   FILE_EXISTS
      LOGICAL*1 LAHEY_LF95
      LOGICAL*1 SET_POINTS,POINT_NOT_FOUND
      LOGICAL*1   MARKET_DURATION_NOT_OPEN/.TRUE./,YES_MARKET_DURATION,
      LOGICAL*1 TWO_CURVES
      LOGICAL*1 SET_POINTS,POINT_NOT_FOUND
      LOGICAL*1   MARKET_DURATION_NOT_OPEN/.TRUE./,YES_MARKET_DURATION,
      LOGICAL*4    FILE_EXISTS,PATH_FILE_EXISTS/.FALSE./,
      LOGICAL*1 LAHEY_LF95
      LOGICAL*1   SAVE_PATH_FILE_EXISTS/.FALSE./,REDUCE_PATH_CAPACITY,
      LOGICAL*1   READ_TRANS_PATH_DATA,TRANS_GROUP_ACTIVE_SWITCH,
      LOGICAL*4   PATH_FILE_EXISTS
      LOGICAL*1 SET_HOUR_LONG_PATH_WI_PATHS,
      LOGICAL*4 FILE_EXISTS
         LOGICAL*1   HOURLY_FLOW_SUMMARY_REPORT,
         LOGICAL*1   YES_REGIONAL_AREA_PRICE,
      LOGICAL*4    FILE_EXISTS,CONSTRAINT_FILE_EXISTS/.FALSE./,
      LOGICAL*1 LAHEY_LF95
      LOGICAL*1   SAVE_CONSTRAINT_FILE_EXISTS/.FALSE./,
      LOGICAL*1   READ_TRANS_CONSTRAINT_DATA,TRANS_GROUP_ACTIVE_SWITCH,
      LOGICAL*4   CONSTRAINT_FILE_EXISTS
      LOGICAL*1 CX_ALTER_MX_CHRONO_PRICES
      LOGICAL*1 TEMP_L1,CX_DailyOperAnPS3,CX_ANNUAL_CONTRACT
      LOGICAL*1 TEMP_L,EXISTING_STORAGE_N_HYBRID,
