      REAL*4
      REAL*4
      REAL*4   HOURLY_TRANS_REVENUE(:,:)
      REAL*4
      REAL*4         QUANTITY_OF_PRODUCT,
      REAL*4 CAPACITY_PLANNING_FACTOR
         REAL (KIND=4) :: ANNUAL_ENERGY_PLANNING_FACTOR
         REAL (KIND=4) :: PLANNING_FACTOR,
         REAL (KIND=4) :: LMPPeakSlope,LMPPeakConst,LMPOffPeakSlope,
         REAL (KIND=4) :: CapAdjustmentFactor,CapPlanningFactor
      REAL*4         MONTHLY_CT_GROUP_REPORT(:,:,:),
      REAL*4    R_MONTHLY_GROUP_REPORT(0:12,0:99,17)
      REAL*4         HOURLY_FORWARD_CONTRACT_ENERGY,
      REAL*4         R_DAILY_PRICE(24),
      REAL*4
         REAL (KIND=4) :: ANNUAL_ENERGY_PLANNING_FACTOR
         REAL (KIND=4) :: PLANNING_FACTOR,
      REAL*4
      REAL*4         QUANTITY_OF_PRODUCT(:),
      REAL*4    PHY_DERIV_VAR_REVENUE,
      REAL*4      R_HOURLY_PRICE,
      REAL (kind=4) :: INC_MONTH_VARS(0:12,1:*)
      REAL (kind=4) :: CASH_MONTH_VARS(0:12,1:*)
         REAL*4 STRIKE_VALUE,
         REAL*4 INF_BV,SUP_BV,R_OPT_VALU,
         real*4 PmpStoEff,LimHrsGen,TimeConstraint,
         REAL*4 ONE_DAY_PRICE(24),MARGIN(144),
         REAL*4
         REAL*4 GENP_R_VALUE,GENP_ACCUM
         REAL (KIND=4) :: LMP_Price,
         REAL (KIND=4), ALLOCATABLE :: DerivLMPPeakSlope(:),
         REAL (KIND=4), ALLOCATABLE :: DerivLMPMoPeakSlope(:,:),
         REAL (KIND=4), ALLOCATABLE ::
!         REAL (KIND=4), ALLOCATABLE ::
      REAL*4 GET_DAILY_OPTION_VALUE,
      real*4 a(*)
      REAL*4 GET_HOURLY_OPTION_VALUE,
      REAL*4 GET_HOUR_DAY_OPTION_VALUE,
      REAL*4 X(*),ACCUM
      REAL*4 MULTCAND(*),MULPLIER(*),VECTOR(*)
      REAL*4   HOURLY_SCEN_ELECT_MULT(744,12),
      REAL*4   HRLY_TG_SCEN_ELECT_MULT(:,:,:),
      REAL*4   HOURLY_SCEN_GAS_MULT(744,12),
      REAL*4   HOURLY_SCEN_OIL_MULT(744,12),
      REAL PEAK,BASE,OBS(:,:),DELTA_PROB,AREA,
      REAL LPROB(:,:),
      REAL*8   SUM_MARKET_PRICES,DEMAND,
      REAL*4 TEMP_INTERVALS,TEMP_VALUE
      REAL*4 BREAK,DX_1,DX_2,
      REAL PEAK,BASE,OBS(PRICE_POINTS,13),DELTA_PROB,AREA,
      REAL LPROB(PRICE_POINTS,13),
      REAL*8   SUM_MARKET_PRICES,DEMAND,
      REAL*4 TEMP_INTERVALS,TEMP_VALUE
      REAL*4      PATH_PERCENT,PATH_WHEEL_RATE,PATH_SPREAD,
      REAL*4      GET_SEASON_CONSTRAINT_LIMIT,
      real*8    ! REAL*4 before 20030429
      REAL*4    L_CAPACITY
      REAL*4      PATH_PERCENT(:),
      REAL*4    LOCAL_MARKET_PRICE(24)
      real*4 Impedance,LineVoltageLevel,LinePowerLimit
      REAL*4      MW_LIMIT,
      REAL*4      SEASONAL_TIE_LIMIT,R_CAPACITY,CURRENT_CONSTRAINT_MW,
      REAL*4      MW_LIMIT(:),
      REAL*4      CONSTRAINT_PERCENT(:),
      REAL REAL_ARGUMENT
               REAL_ARGUMENT = ABS(GET_CONSTRAINT_MULT)
!     +                  ESCALATED_MONTHLY_VALUE(REAL_ARGUMENT,
               REAL_ARGUMENT = ABS(GET_TRANS_LINE_MULT)
!     +                  ESCALATED_MONTHLY_VALUE(REAL_ARGUMENT,
      REAL*4   R_TRANS_CAPACITY,
      REAL*4 ONE_DAY_PRICE(24),MARGIN(144),
      REAL*4         ESCALATED_MONTHLY_VALUE,TEMP_R1,TEMP_R4,GET_VAR,
         REAL (KIND=4), ALLOCATABLE :: MONTHLY_ENERGY_MULT(:),
         REAL (KIND=4),
      REAL*4         LOCAL_ANN_PRICE(1:8784),
