rollscom.mon     CLM_OBJT.FOR
weekscom.mon     CLM_OBJT.FOR
rollscom.mon     CLM_OBJT.FOR
rollscom.mon     CLM_OBJT.FOR
weekscom.mon     CLM_OBJT.FOR
rollscom.mon     CLM_OBJT.FOR
rollscom.mon     CLM_OBJT.FOR
rollscom.mon     CLM_OBJT.FOR
rollscom.mon     CLM_OBJT.FOR
finacstw.mon     Cls_runs.for
8800com.mon      DSSLAM.FOR
dreptcom.mon     Dsex_obj.for
dreptcom.mon     Dsex_obj.for
dreptcom.mon     Dsex_obj.for
dreptcom.mon     Dsex_obj.for
mthnmcom.mon     GAS_objt.for
8800com.mon      LDPROB01.FOR
lpintcom.mon     LPMATINV.for
lpintcom.mon     LPMATINV.for
lpintcom.mon     LPSOLVER.for
mcbtncom.mon     MARGNOBJ.FOR
mcbtncom.mon     MARGNOBJ.FOR
mcbtncom.mon     MARGNOBJ.FOR
mcbtncom.mon     MARGNOBJ.FOR
mcbtncom.mon     MARGNOBJ.FOR
mcbtncom.mon     MARGNOBJ.FOR
spinlib.mon      MIDASMOD.FOR
dreptcom.mon     MIDASMOD.FOR
dreptcom.mon     MIDASMOD.FOR
mthnmcom.mon     MIDASMOD.FOR
mthnmcom.mon     MIDASMOD.FOR
mthnmcom.mon     MIDASMOD.FOR
mthnmcom.mon     MIDASMOD.FOR
dreptcom.mon     MSGANDEC.FOR
mthnmcom.mon     MSGMMExpRevCash.for
finacstw.mon     MSGMMExpRevCash.for
mthnmcom.mon     MSGMMExpRevCash.for
mthnmcom.mon     MSGMMExpRevCash.for
spinlib.mon      MSGMMOUT.for
mthnmcom.mon     MSGMMOUT.for
finacstw.mon     MSGMMOUT.for
mthnmcom.mon     MSGMMOUT.for
mthnmcom.mon     MSGMMOUT.for
finacstw.mon     MSGMMOUT.for
mthnmcom.mon     MSGMMOUT.for
finacstw.mon     MSGMMOUT.for
mthnmcom.mon     MSGMMOUT.for
mthnmcom.mon     MSGMMOUT.for
mthnmcom.mon     MSGMMOUT.for
mthnmcom.mon     MSGMMOUT.for
finacstw.mon     MSGMMOUT.for
mthnmcom.mon     MSGMMOUT.for
mthnmcom.mon     MSGMMOUT.for
mthnmcom.mon     MSGMMOUT.for
finacstw.mon     MSGMMSB6B.FOR
finacstw.mon     MSGMMSB6B.FOR
mthnmcom.mon     MSGProSymRevExp.for
mthnmcom.mon     MSGmmadm.FOR
spinlib.mon      Msgmmrev.for
mthnmcom.mon     Msgmmrev.for
finacstw.mon     Msgmmrev.for
mthnmcom.mon     Msgmmrev.for
spinlib.mon      Msgmmrev.for
spinlib.mon      PRO_COST.FOR
spinlib.mon      PRO_COST.FOR
spinlib.mon      Picadisp.for
dreptcom.mon     RPTH_OBJ.FOR
8800com.mon      SNSZMDS.FOR
mthnmcom.mon     Servicac.for
mthnmcom.mon     TRANSOBJ2.FOR
mthnmcom.mon     WVPACoopRevenueCals.FOR
finacstw.mon     WVPACoopRevenueCals.FOR
mthnmcom.mon     WVPACoopRevenueCals.FOR
finacstw.mon     WVPACoopRevenueCals.FOR
mthnmcom.mon     WVPARTRK.FOR
mthnmcom.mon     cla_objt.f90
mthnmcom.mon     cla_objt.f90
sizecom.mon      coal_obj.for
mthnmcom.mon     coal_obj.for
dsmcom.mon       dsm_objt.f90
mthnmcom.mon     enrglimit.f90
faintcom.mon     facalg.for
faintcom.mon     facalg.for
faintcom.mon     facalg.for
faintcom.mon     facalg.for
faintcom.mon     facalg.for
faintcom.mon     facalg.for
mthnmcom.mon     finanbse.for
spinlib.mon      forecast.f90
spinlib.mon      forecast.f90
spinlib.mon      forecast.f90
spinlib.mon      forecast.f90
spinlib.mon      forecast.f90
spinlib.mon      forecast.f90
finascom.mon     msgmmasb.for
mthnmcom.mon     msgmmdbt.for
mthnmcom.mon     msgmmdfd.for
spinlib.mon      msgmmea.for
mthnmcom.mon     msgmmea.for
spinlib.mon      msgmmfa.for
spinlib.mon      msgmmfa.for
spinlib.mon      msgmmfa.for
spinlib.mon      msgmmfa.for
mthnmcom.mon     msgmmfa.for
mthnmcom.mon     msgmmpyb.for
mthnmcom.mon     msgmmpyb.for
finacstw.mon     msgmmsb6.for
mthnmcom.mon     msgmmtax.for
dreptcom.mon     msgnorm.f90
spinlib.mon      tf_objt.for
spinlib.mon      tf_objt.for
mthnmcom.mon     tf_objt.for
spinlib.mon      tf_objt.for
spinlib.mon      tf_objt.for
spinlib.mon      tf_objt.for
spinlib.mon      tf_objt.for
spinlib.mon      tf_objt.for
spinlib.mon      tf_objt.for
spinlib.mon      tf_objt.for
spinlib.mon      tf_objt.for
spinlib.mon      tf_objt.for
