  112       REAL ::  ADJ_TOTAL_CAP,R_ADJ_TOTAL_CAP ! REMOVED 3/3/92 MSG, ADDED 11/8/95.
  112       REAL ::  ADJ_TOTAL_CAP,R_ADJ_TOTAL_CAP 

  113       SAVE ADJ_TOTAL_CAP ! SPEEDS-UP MC ROUTINE
  113       SAVE ADJ_TOTAL_CAP 

  173      +              TRANS_NAME ! *40 GT REMOVED 091611
  173      +              TRANS_NAME 

  244          ALLOCATE(MAX_BLOCKS_PER_TRANS(0:UPPER_TRANS_GROUP)) ! 0 IS THE MAX OF ALL GROUPS
  244          ALLOCATE(MAX_BLOCKS_PER_TRANS(0:UPPER_TRANS_GROUP)) 

  354                IF(TEMP_DISPATCH_MULT < 0.) THEN ! 030506. ADDED MONTH.
  354                IF(TEMP_DISPATCH_MULT < 0.) THEN 

  382      +                             SAVE_HEATRATE(NB) * ! 5/8/01. FOR SRP.
  382      +                             SAVE_HEATRATE(NB) * 

  391      +                  SAVE_HEATRATE(NB) * ! 5/8/01. FOR SRP.
  391      +                  SAVE_HEATRATE(NB) * 

  408      +                  SAVE_HEATRATE(NB) * ! 5/8/01. FOR SRP.
  408      +                  SAVE_HEATRATE(NB) * 

  553             CAll QuickI(INT4(BLK0),LAMDA_MR,PosBLK0) ! sorts nItems items into ascending order
  553             CAll QuickI(INT4(BLK0),LAMDA_MR,PosBLK0) 

  585             CAll QuickI(INT4(BLK1),LAMDA_TEMP,PosBLK1) ! sorts nItems items into ascending order
  585             CAll QuickI(INT4(BLK1),LAMDA_TEMP,PosBLK1) 

  600             CAll QuickI(INT4(BLK2),LAMDA_TEMP,PosBLK2) ! sorts nItems items into ascending order
  600             CAll QuickI(INT4(BLK2),LAMDA_TEMP,PosBLK2) 

  796             BLOCK_CAP = MWBLOK(I)*EAVAIL(UN)*(1.-MAINTENANCE_RATE(UN)) ! DERATED TOTAL CAP
  796             BLOCK_CAP = MWBLOK(I)*EAVAIL(UN)*(1.-MAINTENANCE_RATE(UN)) 

  854             IF(TEMP_DISPATCH_MULT < 0.) THEN ! 030506. ADDED MONTH.
  854             IF(TEMP_DISPATCH_MULT < 0.) THEN 

  916      +            100.*MAINTENANCE_RATE(UN), ! DERATED MAINTENANCE CAP
  916      +            100.*MAINTENANCE_RATE(UN), 

  917      +            100.*(1.-EAVAIL(UN)), ! DERATED EFOR CAP
  917      +            100.*(1.-EAVAIL(UN)), 

  918      +            MWBLOK(I)*(1.-MAINTENANCE_RATE(UN))*EAVAIL(UN), ! DERATED TOTAL CAP
  918      +            MWBLOK(I)*(1.-MAINTENANCE_RATE(UN))*EAVAIL(UN), 

  938      +                                         (1.-MAINTENANCE_RATE(UN)) ! DERATED TOTAL CAP
  938      +                                         (1.-MAINTENANCE_RATE(UN)) 

  943      +              TRANS_GROUP_NAME, ! FLOAT(T_GROUP),
  943      +              TRANS_GROUP_NAME, 

  970      +              100.*MAINTENANCE_RATE(UN), ! DERATED MAINTENANCE CAP
  970      +              100.*MAINTENANCE_RATE(UN), 

  971      +              100.*(1.-EAVAIL(UN)), ! DERATED EFOR CAP
  971      +              100.*(1.-EAVAIL(UN)), 

  972      +              MWBLOK(I)*(1.-MAINTENANCE_RATE(UN))*EAVAIL(UN), ! DERATED TOTAL CAP
  972      +              MWBLOK(I)*(1.-MAINTENANCE_RATE(UN))*EAVAIL(UN), 

 1063                IF(TEMP_DISPATCH_MULT < 0.) THEN ! 030506. ADDED MONTH.
 1063                IF(TEMP_DISPATCH_MULT < 0.) THEN 

 1075      +                  SAVE_HEATRATE(NB) * ! 5/8/01. FOR SRP.
 1075      +                  SAVE_HEATRATE(NB) * 

 1092      +                  SAVE_HEATRATE(NB) * ! 5/8/01. FOR SRP.
 1092      +                  SAVE_HEATRATE(NB) * 

 1171                IF(TEMP_DISPATCH_MULT < 0.) THEN ! 030506. ADDED MONTH.
 1171                IF(TEMP_DISPATCH_MULT < 0.) THEN 

 1196             V_LOG=GET_CL_BASECASE_MARKET_ID(UN,BASECASE_MARKET_AREA_ID)  ! L1
 1196             V_LOG=GET_CL_BASECASE_MARKET_ID(UN,BASECASE_MARKET_AREA_ID)  

 1222             MIN_UPTIME = GET_MIN_UP_TIME(UN)        !TMS 03/23/05 ADDED FOR EXELON
 1222             MIN_UPTIME = GET_MIN_UP_TIME(UN)        

 1228                SAC_STATION_GROUP =                    ! TMS 3/01/05 ADDED FOR MARKEdir
 1228                SAC_STATION_GROUP =                    

 1293      +              PRIMARY_MOVER, ! ?
 1293      +              PRIMARY_MOVER, 

 1295      +              100.*MAINTENANCE_RATE(UN), ! 15 DERATED MAINTENANCE CAP
 1295      +              100.*MAINTENANCE_RATE(UN), 

 1296      +              100.*(1.-EAVAIL(UN)), ! DERATED EFOR CAP
 1296      +              100.*(1.-EAVAIL(UN)), 

 1297      +              HESI_SECOND_UNIT_ID_NUM ! 050208. TO REPRESENT REALLY BIG ID'S
 1297      +              HESI_SECOND_UNIT_ID_NUM 

 1307      +               FLOAT(T_GROUP),                   ! 0
 1307      +               FLOAT(T_GROUP),                   

 1312      +               LOCAL_DISPATCH_ADDER,                    ! 5
 1312      +               LOCAL_DISPATCH_ADDER,                    

 1322      +               SOX_RATE,                        ! 10
 1322      +               SOX_RATE,                        

 1327      +               100.*MAINTENANCE_RATE(UN), ! 15 DERATED MAINTENANCE CAP
 1327      +               100.*MAINTENANCE_RATE(UN), 

 1328      +               100.*(1.-EAVAIL(UN)), ! DERATED EFOR CAP
 1328      +               100.*(1.-EAVAIL(UN)), 

 1330      +               PRIMARY_MOVER,  ! 18
 1330      +               PRIMARY_MOVER,  

 1332      +               FLOAT(OffLineYr),    ! 20
 1332      +               FLOAT(OffLineYr),    

 1336      +               FIXED_COST(UN),  ! 24 $/KW-YEAR
 1336      +               FIXED_COST(UN),  

 1339      +                                          + S_MIX*SEC_CO2(UN)), ! 25
 1339      +                                          + S_MIX*SEC_CO2(UN)), 

 1347      +               F_MIX * EMIS_OTH3(UN) + S_MIX * SEC_OTH3(UN),  ! 30
 1347      +               F_MIX * EMIS_OTH3(UN) + S_MIX * SEC_OTH3(UN),  

 1353      +               HESI_UNIT_ID_NUM_ord,                        ! 35
 1353      +               HESI_UNIT_ID_NUM_ord,                        

 1358      +               FLOAT(OnLineMo),    ! 40
 1358      +               FLOAT(OnLineMo),    

 1359      +               FLOAT(OffLineMo),    ! 41
 1359      +               FLOAT(OffLineMo),    

 1360      +               SPCapExResourceOption, ! 42
 1360      +               SPCapExResourceOption, 

 1361      +               DISPATCHING_BTU_COST, ! 43 $/MMBTU
 1361      +               DISPATCHING_BTU_COST, 

 1362      +               BLENDED_BTU_COST(UN), ! 44 $/MMBTU PRICEING FUEL COST
 1362      +               BLENDED_BTU_COST(UN), 

 1363      +               RTEMP * BLENDED_BTU_COST(UN), ! 45 $/MWH BLENDED FUEL COST
 1363      +               RTEMP * BLENDED_BTU_COST(UN), 

 1367      +               ANNUAL_ENERGY_PLANNING_FACTOR(UN),    ! 49
 1367      +               ANNUAL_ENERGY_PLANNING_FACTOR(UN),    

 1368      +               NAME_PLATE_CAPACITY(UN),   ! 50
 1368      +               NAME_PLATE_CAPACITY(UN),   

 1373      +               C_CO,                      ! 55
 1373      +               C_CO,                      

 1380      +               FuelRatio(3,UN),         ! 164
 1380      +               FuelRatio(3,UN),         

 1382      +               FuelRatio(5,UN),         ! 166
 1382      +               FuelRatio(5,UN),         

 1383      +               BlendableFuelsPtr(1,UN), ! 167
 1383      +               BlendableFuelsPtr(1,UN), 

 1384      +               BlendableFuelsPtr(2,UN), ! 168
 1384      +               BlendableFuelsPtr(2,UN), 

 1388      +               FuelTransportationCost(2,UN),  ! 172
 1388      +               FuelTransportationCost(2,UN),  

 1393      +               BlendedSO2Up(UN),                  ! 177
 1393      +               BlendedSO2Up(UN),                  

 1395      +               TEMP_R4, ! DECOM_CONTINUING_COST(UN),
 1395      +               TEMP_R4, 

 1396      +               FLOAT(GET_EMISSION_MARKET_LINK(UN)), ! DECOM_CONTINUING_COST_ESCALATION(UN),
 1396      +               FLOAT(GET_EMISSION_MARKET_LINK(UN)), 

 1397      +               EnrgPatternPointer(UN), ! 181
 1397      +               EnrgPatternPointer(UN), 

 1401      +               EmissRedRate(4,UN),              ! 186
 1401      +               EmissRedRate(4,UN),              

 1414      +               EMISSION_DATA_UNITS(UN),    ! LEN = 1
 1414      +               EMISSION_DATA_UNITS(UN),    

 1415      +               AGGREGATE_THIS_UNIT(UN),    ! LEN = 1
 1415      +               AGGREGATE_THIS_UNIT(UN),    

 1416      +               SP_BASECASE_MARKET_AREA_ID, ! LEN = 8
 1416      +               SP_BASECASE_MARKET_AREA_ID, 

 1417      +               GET_GROUP_NAME(TG_POSITION),! LEN = 35
 1417      +               GET_GROUP_NAME(TG_POSITION),

 1418      +               SAC_UNIT_NAME,              ! LEN = 16
 1418      +               SAC_UNIT_NAME,              

 1419      +               EV_TRANS_AREA_NAME,         ! LEN = 6
 1419      +               EV_TRANS_AREA_NAME,         

 1420      +               SAC_STATION_GROUP,          ! LEN = 16
 1420      +               SAC_STATION_GROUP,          

 1421      +               FUEL_BLENDING_IS(UN),       ! LEN = 10 NO, FIXED BLEND, MODEL DETERMINED IF ONLY ONE FUEL ELSE USER OPTION
 1421      +               FUEL_BLENDING_IS(UN),       

 1422      +               TECH_TYPE(UN),              ! LEN = 20
 1422      +               TECH_TYPE(UN),              

 1423      +               LINKED_BETTERMENT_OPTION(UN)! LEN = 1
 1423      +               LINKED_BETTERMENT_OPTION(UN)

 1536      +                                R_DISPATCH) ! 2x12
 1536      +                                R_DISPATCH) 

 1613                   IF(TEMP_DISPATCH_MULT < 0.) THEN ! 030506. ADDED MONTH.
 1613                   IF(TEMP_DISPATCH_MULT < 0.) THEN 

 1630      +                  TEMP_R * ! 07/03/03. FOR IPL
 1630      +                  TEMP_R * 

