0,pro_exec9
0,ex9_p1_a
0,ex9_p1_b
0,ex9_p1_c
0,ex9_p2
0,ex9_p4
0,hacer_lugar
0,hacer_lugar_mf
0,cantidad_de_vars
0,e_name
0,chg_alloc_t05
0,chg_alloc_t09
0,chg_alloc_g03
0,chg_alloc_g07
0,chg_alloc_g09
0,chg_alloc_g02
0,chg_alloc_g05
0,chg_alloc_g15
0,busco_use_miscmod
0,busco_pri_l
0,busco_ult_l
0,busco_pri_s
0,busco_ult_u
0,tiene_allocate
0,tiene_use
0,tiene_multiple_vars
0,extract_var_name
0,es_alloc_t1
0,agregar_stv
0,agregar_stv_2
0,mover_bulk
0,es_linea_comentario
0,tiene_amper
0,tiene_end
0,tiene_use_allocate
