spinlib.mon      ANDECOMP.FOR
spinlib.mon      ANDECOMP.FOR
spinlib.mon      ANDECOMP.FOR
spinlib.mon      ANDECOMP.FOR
spinlib.mon      BFIL_OBJ.FOR
spinlib.mon      CF_OBJT.FOR
spinlib.mon      CF_OBJT.FOR
spinlib.mon      CF_OBJT.FOR
spinlib.mon      CF_OBJT.FOR
spinlib.mon      CLM_OBJT.FOR
rollscom.mon     CLM_OBJT.FOR
weekscom.mon     CLM_OBJT.FOR
rollscom.mon     CLM_OBJT.FOR
rollscom.mon     CLM_OBJT.FOR
weekscom.mon     CLM_OBJT.FOR
rollscom.mon     CLM_OBJT.FOR
rollscom.mon     CLM_OBJT.FOR
rollscom.mon     CLM_OBJT.FOR
rollscom.mon     CLM_OBJT.FOR
spinlib.mon      CLM_OBJT.FOR
prngener.mon     CLM_OBJT.FOR
spinlib.mon      CN_OBJT.FOR
spinlib.mon      CN_OBJT.FOR
spinlib.mon      CN_OBJT.FOR
spinlib.mon      CN_OBJT.FOR
spinlib.mon      CN_OBJT.FOR
spinlib.mon      Cls_runs.for
spinlib.mon      Cls_runs.for
finacstw.mon     Cls_runs.for
spinlib.mon      DE_OBJT.FOR
spinlib.mon      Dsscreen.for
m3active.mon     Dsscreen.for
spinlib.mon      Dsscreen.for
spinlib.mon      ESRN_OBJ.FOR
spinlib.mon      ESRN_OBJ.FOR
spinlib.mon      FINACELM.FOR
ac_elmeq.mon     FINACELM.FOR
spinlib.mon      Finaclp2.for
acrslcom.mon     Finaclp2.for
finaccom.mon     Finaclp2.for
spinlib.mon      Finaclp2.for
finaccom.mon     Finaclp2.for
acrslcom.mon     Finaclp2.for
spinlib.mon      Findovls.for
spinlib.mon      Fuelused.for
spinlib.mon      Fuelused.for
spinlib.mon      GAS_objt.for
spinlib.mon      GAS_objt.for
namescom.mon     GAS_objt.for
mthnmcom.mon     GAS_objt.for
spinlib.mon      GAS_objt.for
spinlib.mon      GAS_objt.for
spinlib.mon      GAS_objt.for
spinlib.mon      GAS_objt.for
spinlib.mon      GAS_objt.for
spinlib.mon      GAS_objt.for
spinlib.mon      GAS_objt.for
spinlib.mon      GAS_objt.for
spinlib.mon      GAS_objt.for
spinlib.mon      GAS_objt.for
spinlib.mon      In_objt.for
8800com.mon      LDPROB01.FOR
spinlib.mon      LMG_OBJT.FOR
spinlib.mon      LMG_OBJT.FOR
spinlib.mon      LMG_OBJT.FOR
lpintcom.mon     LPMATINV.for
lpintcom.mon     LPMATINV.for
spinlib.mon      LPSOLVER.for
lpintcom.mon     LPSOLVER.for
spinlib.mon      MSGMMExpRevCash.for
spinlib.mon      MSGMMExpRevCash.for
namescom.mon     MSGMMExpRevCash.for
mthnmcom.mon     MSGMMExpRevCash.for
finacstw.mon     MSGMMExpRevCash.for
spinlib.mon      MSGMMExpRevCash.for
spinlib.mon      MSGMMExpRevCash.for
mthnmcom.mon     MSGMMExpRevCash.for
mthnmcom.mon     MSGMMExpRevCash.for
spinlib.mon      MSGMMOUT.for
finaccom.mon     MSGMMOUT.for
namescom.mon     MSGMMOUT.for
mthnmcom.mon     MSGMMOUT.for
finacstw.mon     MSGMMOUT.for
spinlib.mon      MSGMMOUT.for
namescom.mon     MSGMMOUT.for
mthnmcom.mon     MSGMMOUT.for
finaccom.mon     MSGMMOUT.for
spinlib.mon      MSGMMOUT.for
namescom.mon     MSGMMOUT.for
mthnmcom.mon     MSGMMOUT.for
finaccom.mon     MSGMMOUT.for
finacstw.mon     MSGMMOUT.for
mthnmcom.mon     MSGMMOUT.for
namescom.mon     MSGMMOUT.for
finacstw.mon     MSGMMOUT.for
mthnmcom.mon     MSGMMOUT.for
namescom.mon     MSGMMOUT.for
mthnmcom.mon     MSGMMOUT.for
spinlib.mon      MSGMMOUT.for
mthnmcom.mon     MSGMMOUT.for
mthnmcom.mon     MSGMMOUT.for
finacstw.mon     MSGMMOUT.for
mthnmcom.mon     MSGMMOUT.for
mthnmcom.mon     MSGMMOUT.for
mthnmcom.mon     MSGMMOUT.for
mthnmcom.mon     MSGProSymRevExp.f95
spinlib.mon      MSGmmadm.FOR
m3active.mon     MSGmmadm.FOR
spinlib.mon      MSGmmadm.FOR
namescom.mon     MSGmmadm.FOR
mthnmcom.mon     MSGmmadm.FOR
m3active.mon     MSGmmadm.FOR
spinlib.mon      Msgmminp.for
finaccom.mon     Msgmminp.for
spinlib.mon      Msgmminp.for
finaccom.mon     Msgmminp.for
spinlib.mon      Msgmminp.for
finaccom.mon     Msgmminp.for
spinlib.mon      Msgmmrev.for
spinlib.mon      Msgmmrev.for
namescom.mon     Msgmmrev.for
mthnmcom.mon     Msgmmrev.for
finacstw.mon     Msgmmrev.for
mthnmcom.mon     Msgmmrev.for
spinlib.mon      Msgmmrev.for
spinlib.mon      Msgmmrev.for
spinlib.mon      Msgmmrev.for
spinlib.mon      Msgmmrev.for
spinlib.mon      Msgmmrev.for
spinlib.mon      Msgmmrev.for
spinlib.mon      Msgmmrev.for
spinlib.mon      Msgmmrev.for
spinlib.mon      Msgmmrev.for
spinlib.mon      Msgmmrev.for
spinlib.mon      Msgmmrev.for
spinlib.mon      Msgmmrev.for
spinlib.mon      POSTFIX.FOR
spinlib.mon      PP_OBJT.FOR
spinlib.mon      PP_OBJT.FOR
globecom.mon     PROD2COM.MON
spinlib.mon      Pn_objt.for
spinlib.mon      RDI_OBJT.FOR
spinlib.mon      RDI_OBJT.FOR
spinlib.mon      TRANSOBJ2.FOR
spinlib.mon      TRANSOBJ2.FOR
spinlib.mon      TRANSOBJ2.FOR
spinlib.mon      TRANSOBJ2.FOR
spinlib.mon      TRANSOBJ2.FOR
spinlib.mon      TRANSOBJ2.FOR
mthnmcom.mon     TRANSOBJ2.FOR
spinlib.mon      TRANSOBJ2.FOR
spinlib.mon      TRANSOBJ2.FOR
spinlib.mon      TRANSOBJ2.FOR
spinlib.mon      TRANSOBJ2.FOR
spinlib.mon      TRANSOBJ2.FOR
spinlib.mon      TRANSOBJ2.FOR
spinlib.mon      TRANSOBJ2.FOR
spinlib.mon      TRANSOBJ2.FOR
spinlib.mon      TRANSOBJ2.FOR
spinlib.mon      TRANSOBJ2.FOR
spinlib.mon      TRANSOBJ2.FOR
spinlib.mon      TRANSOBJ2.FOR
spinlib.mon      TRANSOBJ2.FOR
spinlib.mon      WVPACoopRevenueCals.FOR
namescom.mon     WVPACoopRevenueCals.FOR
mthnmcom.mon     WVPACoopRevenueCals.FOR
finacstw.mon     WVPACoopRevenueCals.FOR
m3active.mon     WVPACoopRevenueCals.FOR
spinlib.mon      WVPACoopRevenueCals.FOR
namescom.mon     WVPACoopRevenueCals.FOR
mthnmcom.mon     WVPACoopRevenueCals.FOR
finacstw.mon     WVPACoopRevenueCals.FOR
m3active.mon     WVPACoopRevenueCals.FOR
spinlib.mon      WVPARTRK.FOR
spinlib.mon      WVPARTRK.FOR
spinlib.mon      WVPARTRK.FOR
mthnmcom.mon     WVPARTRK.FOR
namescom.mon     WVPARTRK.FOR
spinlib.mon      aa_objt.f90
spinlib.mon      aa_objt.f90
namescom.mon     cla_objt.for
mthnmcom.mon     cla_objt.for
spinlib.mon      co_objt.for
spinlib.mon      co_objt.for
financom.mon     co_objt.for
retlscom.mon     co_objt.for
spinlib.mon      coal_obj.for
spinlib.mon      coal_obj.for
namescom.mon     coal_obj.for
mthnmcom.mon     coal_obj.for
spinlib.mon      coal_obj.for
spinlib.mon      coal_obj.for
spinlib.mon      coal_obj.for
spinlib.mon      coal_obj.for
spinlib.mon      coal_obj.for
spinlib.mon      coal_obj.for
spinlib.mon      coal_obj.for
spinlib.mon      coal_obj.for
spinlib.mon      coal_obj.for
spinlib.mon      coal_obj.for
spinlib.mon      cpl_objt.f90
spinlib.mon      dsex_obj.for
spinlib.mon      dsex_obj.for
spinlib.mon      dsex_obj.for
spinlib.mon      dsm_objt.for
dsmcom.mon       dsm_objt.for
retlscom.mon     dsm_objt.for
dsmfncom.mon     dsm_objt.for
dsmfrcom.mon     dsm_objt.for
spinlib.mon      dsm_objt.for
dsmfncom.mon     dsm_objt.for
dsmfrcom.mon     dsm_objt.for
spinlib.mon      dsm_objt.for
dsmfrcom.mon     dsm_objt.for
spinlib.mon      dsm_objt.for
spinlib.mon      dsm_objt.for
spinlib.mon      dsm_objt.for
spinlib.mon      dsm_objt.for
dsmfncom.mon     dsm_objt.for
8800com.mon      dsslam.for
retlscom.mon     dsslam.for
spinlib.mon      ec_objt.f90
namescom.mon     enrglimt.for
mthnmcom.mon     enrglimt.for
spinlib.mon      fc_objt.f90
spinlib.mon      fi_objt.f90
financom.mon     finanbse.for
dsmfrcom.mon     finanbse.for
retlscom.mon     finanbse.for
mthnmcom.mon     finanbse.for
spinlib.mon      fn_objt.f90
spinlib.mon      fp_objt.for
spinlib.mon      fp_objt.for
retlscom.mon     fp_objt.for
spinlib.mon      mainovl.f90
mcbtncom.mon     margnobj.for
mcbtncom.mon     margnobj.for
mcbtncom.mon     margnobj.for
mcbtncom.mon     margnobj.for
mcbtncom.mon     margnobj.for
mcbtncom.mon     margnobj.for
dsmfrcom.mon     midasmod.for
namescom.mon     midasmod.for
mthnmcom.mon     midasmod.for
mthnmcom.mon     midasmod.for
mthnmcom.mon     midasmod.for
mthnmcom.mon     midasmod.for
dsmfrcom.mon     msgandec.for
spinlib.mon      msgindex.f90
spinlib.mon      msgmmasb.for
finascom.mon     msgmmasb.for
spinlib.mon      msgmmasb.for
spinlib.mon      msgmmasb.for
spinlib.mon      msgmmdbt.for
spinlib.mon      msgmmdbt.for
mthnmcom.mon     msgmmdbt.for
namescom.mon     msgmmdbt.for
m3active.mon     msgmmdbt.for
spinlib.mon      msgmmdbt.for
finaccom.mon     msgmmdbt.for
acrslcom.mon     msgmmdbt.for
m3active.mon     msgmmdbt.for
spinlib.mon      msgmmdbt.for
finaccom.mon     msgmmdbt.for
acrslcom.mon     msgmmdbt.for
m3active.mon     msgmmdbt.for
spinlib.mon      msgmmdfd.for
spinlib.mon      msgmmdfd.for
namescom.mon     msgmmdfd.for
mthnmcom.mon     msgmmdfd.for
m3active.mon     msgmmdfd.for
spinlib.mon      msgmmea.for
spinlib.mon      msgmmea.for
namescom.mon     msgmmea.for
m3active.mon     msgmmea.for
spinlib.mon      msgmmea.for
m3active.mon     msgmmea.for
spinlib.mon      msgmmea.for
namescom.mon     msgmmea.for
mthnmcom.mon     msgmmea.for
m3active.mon     msgmmea.for
spinlib.mon      msgmmea.for
spinlib.mon      msgmmea.for
spinlib.mon      msgmmfa.for
spinlib.mon      msgmmfa.for
namescom.mon     msgmmfa.for
spinlib.mon      msgmmfa.for
spinlib.mon      msgmmfa.for
spinlib.mon      msgmmfa.for
spinlib.mon      msgmmfa.for
spinlib.mon      msgmmfa.for
spinlib.mon      msgmmfa.for
spinlib.mon      msgmmfa.for
spinlib.mon      msgmmfa.for
spinlib.mon      msgmmfa.for
spinlib.mon      msgmmfa.for
spinlib.mon      msgmmfa.for
spinlib.mon      msgmmfa.for
mthnmcom.mon     msgmmfa.for
spinlib.mon      msgmmfv.for
m3active.mon     msgmmfv.for
spinlib.mon      msgmmfv.for
spinlib.mon      msgmmfv.for
m3active.mon     msgmmfv.for
spinlib.mon      msgmmpyb.for
mthnmcom.mon     msgmmpyb.for
mthnmcom.mon     msgmmpyb.for
spinlib.mon      msgmmsb6.for
finaccom.mon     msgmmsb6.for
finacstw.mon     msgmmsb6.for
acrslcom.mon     msgmmsb6.for
ac_equiv.mon     msgmmsb6.for
namescom.mon     msgmmsb6.for
finacstw.mon     msgmmsb6b.for
finacstw.mon     msgmmsb6b.for
spinlib.mon      msgmmtax.for
spinlib.mon      msgmmtax.for
namescom.mon     msgmmtax.for
mthnmcom.mon     msgmmtax.for
m3active.mon     msgmmtax.for
spinlib.mon      msgmmtax.for
dsmfrcom.mon     msgnorm.for
dsmfrcom.mon     msgoutpt.for
financom.mon     msgoutpt.for
paltocom.mon     msgoutpt.for
dsmfrcom.mon     msgoutpt.for
dsmfrcom.mon     msgoutpt.for
paltocom.mon     munirev.for
dsmfrcom.mon     munirev.for
retlscom.mon     munirev.for
spinlib.mon      newfred2.for
spinlib.mon      newfred2.for
spinlib.mon      newfred2.for
spinlib.mon      newfred2.for
spinlib.mon      newfred2.for
spinlib.mon      newfred2.for
spinlib.mon      newfred2.for
spinlib.mon      newfred2.for
spinlib.mon      newfred2.for
namescom.mon     servicac.for
mthnmcom.mon     servicac.for
spinlib.mon      snszmds.for
retlscom.mon     snszmds.for
8800com.mon      snszmds.for
spinlib.mon      tf_objt.for
spinlib.mon      tf_objt.for
namescom.mon     tf_objt.for
mthnmcom.mon     tf_objt.for
spinlib.mon      tf_objt.for
spinlib.mon      tf_objt.for
spinlib.mon      tf_objt.for
spinlib.mon      tf_objt.for
spinlib.mon      tf_objt.for
spinlib.mon      tf_objt.for
spinlib.mon      tf_objt.for
spinlib.mon      tf_objt.for
spinlib.mon      tf_objt.for
spinlib.mon      transobj.for
spinlib.mon      up_objt.f90
spinlib.mon      up_objt.f90
spinlib.mon      wh_objt.for
spinlib.mon      wh_objt.for
spinlib.mon      wh_objt.for
spinlib.mon      wh_objt.for
spinlib.mon      wh_objt.for
spinlib.mon      wh_objt.for
spinlib.mon      wh_objt.for
spinlib.mon      wh_objt.for
spinlib.mon      wh_objt.for
spinlib.mon      wh_objt.for
spinlib.mon      wh_objt.for
spinlib.mon      wh_objt.for
spinlib.mon      wh_objt.for
spinlib.mon      wh_objt.for
spinlib.mon      wh_objt.for
mthnmcom.mon     wh_objt.for
spinlib.mon      wh_objt.for
spinlib.mon      wh_objt.for
spinlib.mon      wh_objt.for
spinlib.mon      wh_objt.for
spinlib.mon      wh_objt.for
spinlib.mon      wh_objt.for
