      INTEGER*2 INT2_ZERO/0/,PM,ST_TG,ST,R_MONTH,R_ST_TG,
      INTEGER*4 START_DATE,END_DATE
      INTEGER*2 FUEL_INVENTORY_ID(0:*)
      INTEGER*2 ISEAS,CURRENT,UNITNO,HOURS_INCREMENT,YR,
      INTEGER*2 PROD_METHOD,PROCMETH,ARRAY_POINTR,HOURLY_LOAD_OUT
      INTEGER*2 HOURS_IN_MONTH
      INTEGER*2 MAX_MONTHLY_GROUPS,MAX_MONTHLY_GROUP_VARIABLES,MGI,
      INTEGER*1 TIE_GROUP
      INTEGER*1 L
      INTEGER*2   X_CONTRACT,Y_CONTRACT,Z_CONTRACT
      INTEGER*1 AREA
      INTEGER*2 WC_UNIT_NO
C      INTEGER*2 ISTART,ISTOP,I
      INTEGER*2 ISTART,I
      INTEGER*2 UNIT_NO,I,R_CL_UNITS,LOCAL_MAX_CL_UNITS,J,BLK_NO,L
      INTEGER*2 GIB,ISEAS,UNITNO,ARRAY_POINTR,PSI_CLASS_NUMBER
      INTEGER*2   LAST_POINT,CURRENT,END_POINT,YEAR,ISEAS,
      INTEGER*2 PSI_CLASS_NUMBER,ISEAS
      INTEGER*2   R_ISEAS,R_YEAR,
      INTEGER MONTH_GROUP_REC
         INTEGER*2 RPS_INDEX_TRANSLATE,R_PM,
