      LOGICAL*4 SERVICE_TRANSACTIONS_ACTIVE
      LOGICAL*1 LOLP_REPORT_ACTIVE,LOLP_REPORT,FACTORS_FOUND,
      LOGICAL*1 FACET_ACTIVE,FACET_IS_ACTIVE
      LOGICAL*1 ALLOCATE_FUEL_RIGHT_TO_LEFT,
      LOGICAL*1 BTU_TAX_ACTIVE,ECON_SWITCH,WEST_KOOTENAY_POWER,
      LOGICAL*1 UNIT_OUTPUT_REPORT,ANNUAL_UNIT_OUTPUT_REPORT,
      LOGICAL*1 CONTRACTS_ACTIVE,CL_UNITS_ACTIVE,
      LOGICAL*1 CONTROL_AREA_REPORT
      LOGICAL*4 FUEL_INVENTORY_ACTIVE
      LOGICAL*1 USE_SECONDARY_FUEL(MAX_CL_UNITS), ignoreit
      LOGICAL*1 FUEL_USAGE_REPORT,FUEL_USAGE_REPORT_ACTIVE
      LOGICAL*1 MARGINAL_COST_SWITCH,LAST_ELDC_REPORT
      LOGICAL*1 DUKE_IS_ACTIVE,INITIALIZE_DUKE_ROUTINES
      LOGICAL*1   VOID_LOGICAL,DUKE_CATAWBA_MCGUIRE_RESULTS,
      LOGICAL*1 LAHEY_LF95
            VOID_LOGICAL = MON_MDS_CL_FIXED(ISEAS,I,
!              VOID_LOGICAL = DUKE_CATAWBA_MCGUIRE_RESULTS(I,UNIT_ENRG,
               VOID_LOGICAL = MON_MDS_NUC_ADDER(ISEAS,UNITNO,
      VOID_LOGICAL = CALCULATE_MONTHLY_TRANS_GROUP(ISEAS,YR)
      LOGICAL*1 ENERGY_EXCEEDED_AT_FIRST_PASS
      LOGICAL*1 BTU_TAX_ACTIVE
      LOGICAL*1 FOUND_THIS_MONTH_FORECAST,GET_THIS_MONTH_CLASS_FORECAST
      LOGICAL*1 WRITE_LAST_ELDC_NOT_OPEN/.TRUE./
      LOGICAL*1 FOUND_THIS_MONTH_FORECAST,GET_THIS_MONTH_CLASS_FORECAST
      LOGICAL*1   MONTHLY_GROUP_NOT_OPEN/.TRUE./,
         LOGICAL*1 IS_A_VALID_RPS_PM
