      INTEGER (kind=2) ::   INT2_ZERO/0/,PM,ST_TG,ST,R_MONTH,R_ST_TG,
      INTEGER (kind=4) ::   START_DATE,END_DATE
      INTEGER (kind=2) ::   FUEL_INVENTORY_ID(0:*)
      INTEGER (kind=2) ::   ISEAS,CURRENT,UNITNO,HOURS_INCREMENT,YR,
      INTEGER (kind=2) ::   PROD_METHOD
      INTEGER (kind=2) ::   PROCMETH,ARRAY_POINTR,HOURLY_LOAD_OUT
      INTEGER (kind=2) ::   HOURS_IN_MONTH
      INTEGER (kind=2) ::   MAX_MONTHLY_GROUPS
      INTEGER (kind=2) ::   MAX_MONTHLY_GROUP_VARIABLES,MGI,
      INTEGER (kind=1) ::   TIE_GROUP
      INTEGER (kind=1) ::   L
      INTEGER (kind=2) ::     X_CONTRACT,Y_CONTRACT,Z_CONTRACT
      INTEGER (kind=1) ::   AREA
      INTEGER (kind=2) ::   WC_UNIT_NO
!      INTEGER*2 ISTART,ISTOP,I
      INTEGER (kind=2) ::   ISTART,I
      INTEGER (kind=2) ::   UNIT_NO
      INTEGER (kind=2) ::   I,R_CL_UNITS,LOCAL_MAX_CL_UNITS,J,BLK_NO,L
      INTEGER (kind=2) ::   GIB
      INTEGER (kind=2) ::   ISEAS,UNITNO,ARRAY_POINTR,PSI_CLASS_NUMBER
      INTEGER (kind=2) ::     LAST_POINT,CURRENT,END_POINT,YEAR,ISEAS,
      INTEGER (kind=2) ::   PSI_CLASS_NUMBER,ISEAS
      INTEGER (kind=2) ::     R_ISEAS,R_YEAR,
      INTEGER :: MONTH_GROUP_REC
         INTEGER (kind=2) ::   RPS_INDEX_TRANSLATE,R_PM,
