      LOGICAL (kind=4) ::   SERVICE_TRANSACTIONS_ACTIVE
      LOGICAL (kind=1) ::   LOLP_REPORT_ACTIVE
      LOGICAL (kind=1) ::   LOLP_REPORT,FACTORS_FOUND,
      LOGICAL (kind=1) ::   FACET_ACTIVE,FACET_IS_ACTIVE
      LOGICAL (kind=1) ::   ALLOCATE_FUEL_RIGHT_TO_LEFT,
      LOGICAL (kind=1) ::   BTU_TAX_ACTIVE
      LOGICAL (kind=1) ::   ECON_SWITCH,WEST_KOOTENAY_POWER,
      LOGICAL (kind=1) ::   UNIT_OUTPUT_REPORT
      LOGICAL (kind=1) ::   ANNUAL_UNIT_OUTPUT_REPORT,
      LOGICAL (kind=1) ::   CONTRACTS_ACTIVE,CL_UNITS_ACTIVE,
      LOGICAL (kind=1) ::   CONTROL_AREA_REPORT
      LOGICAL (kind=4) ::   FUEL_INVENTORY_ACTIVE
      LOGICAL (kind=1) ::   USE_SECONDARY_FUEL(MAX_CL_UNITS), ignoreit
      LOGICAL (kind=1) ::   FUEL_USAGE_REPORT,FUEL_USAGE_REPORT_ACTIVE
      LOGICAL (kind=1) ::   MARGINAL_COST_SWITCH,LAST_ELDC_REPORT
      LOGICAL (kind=1) ::   DUKE_IS_ACTIVE,INITIALIZE_DUKE_ROUTINES
      LOGICAL (kind=1) ::     VOID_LOGICAL,DUKE_CATAWBA_MCGUIRE_RESULTS,
      LOGICAL (kind=1) ::   LAHEY_LF95
            VOID_LOGICAL = MON_MDS_CL_FIXED(ISEAS,I,
!              VOID_LOGICAL = DUKE_CATAWBA_MCGUIRE_RESULTS(I,UNIT_ENRG,
               VOID_LOGICAL = MON_MDS_NUC_ADDER(ISEAS,UNITNO,
      VOID_LOGICAL = CALCULATE_MONTHLY_TRANS_GROUP(ISEAS,YR)
      LOGICAL (kind=1) ::   ENERGY_EXCEEDED_AT_FIRST_PASS
      LOGICAL (kind=1) ::   BTU_TAX_ACTIVE
      LOGICAL (kind=1) ::   FOUND_THIS_MONTH_FORECAST
      LOGICAL (kind=1) ::   GET_THIS_MONTH_CLASS_FORECAST
      LOGICAL (kind=1) ::   WRITE_LAST_ELDC_NOT_OPEN/.TRUE./
      LOGICAL (kind=1) ::   FOUND_THIS_MONTH_FORECAST
      LOGICAL (kind=1) ::   GET_THIS_MONTH_CLASS_FORECAST
      LOGICAL (kind=1) ::     MONTHLY_GROUP_NOT_OPEN/.TRUE./,
         LOGICAL (kind=1) ::   IS_A_VALID_RPS_PM
