      REAL :: HEAT_CONVERSION,TONS_CONVERSION,COST_CONVERSION,
      REAL :: GET_COST_CONVERSION
      REAL :: GET_HEAT_CONVERSION,GET_TONS_CONVERSION
      REAL :: REMAINING_ENERGY,ENERGY(2,MAX_CL_UNITS),
      REAL (kind=4) ::   LOWER_BOUND_CAP_FACTOR(MAX_DISPATCH_BLOCKS),
      REAL :: PRIM_HEAT,SEC_HEAT,EMIS_HEAT
!     REAL FUEL_MIX_P,FUEL_MIX_S    ! REMOVED 4/28/93
      REAL :: FUEL_MIX_PRIM(MAX_CL_UNITS)
      REAL :: INHEAT2(MAX_DISPATCH_BLOCKS),BLK_MW,
      REAL ::  CL_LOSSES(:),CT_LOSSES(:),BLK1_LOSSES,
! CHANGED TO REAL 5/14/92
      REAL (kind=4) ::   SEASONAL_SYSTEM_CAP
      REAL (kind=4) ::   CL_P_CLASS_ASSIGNED_ENERGY(2)
      REAL (kind=4) ::   CL_P_CLASS_ASSIGNED_COST(2)
      REAL :: LPROB2(CONVOLUTION_POINTS),CUMCAP,CAPSYS,CAPBLK,
      REAL :: TIE_GROUP_LIMIT(3),CURRENT_TIE_LEVEL(3),TIE_CAPACITY
      REAL (kind=8) ::   ANNUAL_BTUS_GOCN12(0:6),
      REAL (kind=8) ::    MONTH_BTUS_GOCN12(0:6)
      REAL (kind=4) ::     TEMP_ENERGY
      REAL :: RATCHET_CAPACITY_BASIS(MAX_CONTRACTS)
      REAL (kind=8) ::   DEMAND,TENRG,TMMBTUS,FUELCOST,VARCOST,
      REAL :: RCOST
      REAL :: TEMP_SNGL,TEMP_SNGL2
      REAL (kind=8) ::   TEMP_DBLE
      REAL (kind=4) ::    UNIT_FIXED_COST
      REAL :: UNIT_EMISS_CONTRIB(5)
      REAL :: ENRG_FROM_ENRG_ONLY_CONTRACTS,REMAINING_ENRG_ONLY_ENRG,
      REAL :: CONTRACT_DISPATCH_COST,CONTRACT_ENERGY(MAX_CONTRACTS),
      REAL :: TRANSACTION_BUY_SPREAD,TRANSACTION_SELL_SPREAD
      REAL :: CONTRACT_BILLING_CAPACITY,WOLF_CREEK_ENRG_COST,
      REAL :: P_SALES_REVENUE,P_SALES_ENERGY,
      REAL :: GIBSON_BLOCK1_ENERGY,GIBSON_BLOCK2_ENERGY
      REAL (kind=8) ::   MMBTU_FUEL_BALANCE(0:*)
      REAL (kind=8) ::   DEMAND_AFTER_DSM_AFTER_EL,
      REAL :: BLOCK_FUEL_COST(2,MAX_CL_UNITS)
      REAL :: DISP_BTU_COST(MAX_CL_UNITS)
      REAL :: AVAILABLE_SHADOW_CAPACITY(:)
      REAL :: BLENDED_BTU_COST(*)
     +                  (REALLY_KEPCO .AND. LDTYPE(UNITNO) == 'N')) THEN
                     IF(REALLY_KEPCO .AND. LDTYPE(UNITNO) == 'N') THEN
     +                  (REALLY_KEPCO .AND. LDTYPE(UNITNO) == 'N')) THEN
                        IF(REALLY_KEPCO .AND. LDTYPE(UNITNO)=='N') THEN
         IF(REALLY_KEPCO) THEN
            IF(REALLY_KEPCO) THEN
            IF(REALLY_KEPCO) THEN
         IF(REALLY_KEPCO) THEN
                  IF(REALLY_KEPCO) THEN
               IF(REALLY_KEPCO .AND. INDEX(CNTRTYPE(I),'M') /= 0) THEN
        IF(.NOT. WKP_ACTIVE .AND. .NOT. REALLY_KEPCO) THEN
     +         WABASH_VALLEY,REALLY_KEPCO,
      REAL :: EA,COEFF,HEAT_RATE_FACTOR,SEAS_HOURS,GET_HEAT_CONVERSION,
      REAL :: ADJUSTED_ENERGY,B_ADJUSTED,MWBLOK,SEC_BTU_COST
      REAL :: LODDUR(*),LPROB(*),BLENDING_RATE
      REAL (kind=8) ::   DBLE_TEMP,HEAT,MMBTU_FUEL_BALANCE
      REAL :: A,LEFT,TARGET_ENERGY,LODDUR(*),LPROB(*),B_ADJUSTED,RIGHT
      REAL :: INTPL8,X1,Y1,X3,Y2,X2,ENERGY,INCREMENTAL_ENERGY,BASE
      REAL (kind=8) ::   ANNUAL_BTUS_GOCN12(0:6),
      REAL (kind=8) ::   MONTH_BTUS_GOCN12(0:6)
      REAL :: SEC_HEAT
      REAL :: BLK1_HEAT,BLK2_HEAT,BLENDING_RATE,
      REAL :: SOX/-99./,CO2/-99./,OTH3/-99./,OTH2/-99./,
      REAL :: R_SOX,R_NOX,R_CO2,R_OTH2,R_OTH3
      REAL :: BLOCK1_HEAT/0./,BLOCK2_HEAT/0./
      REAL ::           SOX_BY_FUEL_TYPE(:,:),
      REAL ::           R_PRIM_HEAT,R_SEC_HEAT,R_EMIS_HEAT
      REAL ::  PSI_LDC,PSI_ENERGY_DEMAND,PSI_PEAK_DEMAND,
      REAL (kind=4) ::   LODDUR(1000)
      REAL (kind=4) ::    LPROB(1000,2),REMAINING_ENERGY_FOR_BLOCK(*),
      REAL (kind=4) ::     ENERGY(2,MAX_CL_UNITS),SEAS_HOURS
      REAL (kind=4) ::     ENERGY_FROM_GIBSON
      REAL (kind=4) ::     FORECAST_DSM_ENERGY(MAX_LOAD_CLASSES)
      REAL (kind=4) ::     THIS_MONTH_ENERGY,THIS_MONTH_PEAK
      REAL (kind=4) ::        F_MONTHLY_GROUP_REPORT(0:12,0:99,17),
