ANDECOMP.FOR                        spinlib.mon
ANDECOMP.FOR                        spinlib.mon
ANDECOMP.FOR                        spinlib.mon
ANDECOMP.FOR                        spinlib.mon
BFIL_OBJ.FOR                        spinlib.mon
CF_OBJT.FOR                         spinlib.mon
CF_OBJT.FOR                         spinlib.mon
CF_OBJT.FOR                         spinlib.mon
CF_OBJT.FOR                         spinlib.mon
CLM_OBJT.FOR                        spinlib.mon
CLM_OBJT.FOR                        rollscom.mon
CLM_OBJT.FOR                        weekscom.mon
CLM_OBJT.FOR                        rollscom.mon
CLM_OBJT.FOR                        rollscom.mon
CLM_OBJT.FOR                        weekscom.mon
CLM_OBJT.FOR                        rollscom.mon
CLM_OBJT.FOR                        rollscom.mon
CLM_OBJT.FOR                        rollscom.mon
CLM_OBJT.FOR                        rollscom.mon
CLM_OBJT.FOR                        spinlib.mon
CLM_OBJT.FOR                        prngener.mon
CN_OBJT.FOR                         spinlib.mon
CN_OBJT.FOR                         spinlib.mon
CN_OBJT.FOR                         spinlib.mon
CN_OBJT.FOR                         spinlib.mon
CN_OBJT.FOR                         spinlib.mon
Cls_runs.for                        spinlib.mon
Cls_runs.for                        spinlib.mon
Cls_runs.for                        finacstw.mon
DE_OBJT.FOR                         spinlib.mon
Dsscreen.for                        spinlib.mon
Dsscreen.for                        m3active.mon
Dsscreen.for                        spinlib.mon
ESRN_OBJ.FOR                        spinlib.mon
ESRN_OBJ.FOR                        spinlib.mon
FINACELM.FOR                        spinlib.mon
FINACELM.FOR                        ac_elmeq.mon
Finaclp2.for                        spinlib.mon
Finaclp2.for                        acrslcom.mon
Finaclp2.for                        finaccom.mon
Finaclp2.for                        spinlib.mon
Finaclp2.for                        finaccom.mon
Finaclp2.for                        acrslcom.mon
Findovls.for                        spinlib.mon
Fuelused.for                        spinlib.mon
Fuelused.for                        spinlib.mon
GAS_objt.for                        spinlib.mon
GAS_objt.for                        spinlib.mon
GAS_objt.for                        namescom.mon
GAS_objt.for                        mthnmcom.mon
GAS_objt.for                        spinlib.mon
GAS_objt.for                        spinlib.mon
GAS_objt.for                        spinlib.mon
GAS_objt.for                        spinlib.mon
GAS_objt.for                        spinlib.mon
GAS_objt.for                        spinlib.mon
GAS_objt.for                        spinlib.mon
GAS_objt.for                        spinlib.mon
GAS_objt.for                        spinlib.mon
GAS_objt.for                        spinlib.mon
In_objt.for                         spinlib.mon
LDPROB01.FOR                        8800com.mon
LMG_OBJT.FOR                        spinlib.mon
LMG_OBJT.FOR                        spinlib.mon
LMG_OBJT.FOR                        spinlib.mon
LPMATINV.for                        lpintcom.mon
LPMATINV.for                        lpintcom.mon
LPSOLVER.for                        spinlib.mon
LPSOLVER.for                        lpintcom.mon
MSGMMExpRevCash.for                 spinlib.mon
MSGMMExpRevCash.for                 spinlib.mon
MSGMMExpRevCash.for                 namescom.mon
MSGMMExpRevCash.for                 mthnmcom.mon
MSGMMExpRevCash.for                 finacstw.mon
MSGMMExpRevCash.for                 spinlib.mon
MSGMMExpRevCash.for                 spinlib.mon
MSGMMExpRevCash.for                 mthnmcom.mon
MSGMMExpRevCash.for                 mthnmcom.mon
MSGMMOUT.for                        spinlib.mon
MSGMMOUT.for                        finaccom.mon
MSGMMOUT.for                        namescom.mon
MSGMMOUT.for                        mthnmcom.mon
MSGMMOUT.for                        finacstw.mon
MSGMMOUT.for                        spinlib.mon
MSGMMOUT.for                        namescom.mon
MSGMMOUT.for                        mthnmcom.mon
MSGMMOUT.for                        finaccom.mon
MSGMMOUT.for                        spinlib.mon
MSGMMOUT.for                        namescom.mon
MSGMMOUT.for                        mthnmcom.mon
MSGMMOUT.for                        finaccom.mon
MSGMMOUT.for                        finacstw.mon
MSGMMOUT.for                        mthnmcom.mon
MSGMMOUT.for                        namescom.mon
MSGMMOUT.for                        finacstw.mon
MSGMMOUT.for                        mthnmcom.mon
MSGMMOUT.for                        namescom.mon
MSGMMOUT.for                        mthnmcom.mon
MSGMMOUT.for                        spinlib.mon
MSGMMOUT.for                        mthnmcom.mon
MSGMMOUT.for                        mthnmcom.mon
MSGMMOUT.for                        finacstw.mon
MSGMMOUT.for                        mthnmcom.mon
MSGMMOUT.for                        mthnmcom.mon
MSGMMOUT.for                        mthnmcom.mon
MSGProSymRevExp.f95                 mthnmcom.mon
MSGmmadm.FOR                        spinlib.mon
MSGmmadm.FOR                        m3active.mon
MSGmmadm.FOR                        spinlib.mon
MSGmmadm.FOR                        namescom.mon
MSGmmadm.FOR                        mthnmcom.mon
MSGmmadm.FOR                        m3active.mon
Msgmminp.for                        spinlib.mon
Msgmminp.for                        finaccom.mon
Msgmminp.for                        spinlib.mon
Msgmminp.for                        finaccom.mon
Msgmminp.for                        spinlib.mon
Msgmminp.for                        finaccom.mon
Msgmmrev.for                        spinlib.mon
Msgmmrev.for                        spinlib.mon
Msgmmrev.for                        namescom.mon
Msgmmrev.for                        mthnmcom.mon
Msgmmrev.for                        finacstw.mon
Msgmmrev.for                        mthnmcom.mon
Msgmmrev.for                        spinlib.mon
Msgmmrev.for                        spinlib.mon
Msgmmrev.for                        spinlib.mon
Msgmmrev.for                        spinlib.mon
Msgmmrev.for                        spinlib.mon
Msgmmrev.for                        spinlib.mon
Msgmmrev.for                        spinlib.mon
Msgmmrev.for                        spinlib.mon
Msgmmrev.for                        spinlib.mon
Msgmmrev.for                        spinlib.mon
Msgmmrev.for                        spinlib.mon
Msgmmrev.for                        spinlib.mon
POSTFIX.FOR                         spinlib.mon
PP_OBJT.FOR                         spinlib.mon
PP_OBJT.FOR                         spinlib.mon
PROD2COM.MON                        globecom.mon
Pn_objt.for                         spinlib.mon
RDI_OBJT.FOR                        spinlib.mon
RDI_OBJT.FOR                        spinlib.mon
TRANSOBJ2.FOR                       spinlib.mon
TRANSOBJ2.FOR                       spinlib.mon
TRANSOBJ2.FOR                       spinlib.mon
TRANSOBJ2.FOR                       spinlib.mon
TRANSOBJ2.FOR                       spinlib.mon
TRANSOBJ2.FOR                       spinlib.mon
TRANSOBJ2.FOR                       mthnmcom.mon
TRANSOBJ2.FOR                       spinlib.mon
TRANSOBJ2.FOR                       spinlib.mon
TRANSOBJ2.FOR                       spinlib.mon
TRANSOBJ2.FOR                       spinlib.mon
TRANSOBJ2.FOR                       spinlib.mon
TRANSOBJ2.FOR                       spinlib.mon
TRANSOBJ2.FOR                       spinlib.mon
TRANSOBJ2.FOR                       spinlib.mon
TRANSOBJ2.FOR                       spinlib.mon
TRANSOBJ2.FOR                       spinlib.mon
TRANSOBJ2.FOR                       spinlib.mon
TRANSOBJ2.FOR                       spinlib.mon
TRANSOBJ2.FOR                       spinlib.mon
WVPACoopRevenueCals.FOR             spinlib.mon
WVPACoopRevenueCals.FOR             namescom.mon
WVPACoopRevenueCals.FOR             mthnmcom.mon
WVPACoopRevenueCals.FOR             finacstw.mon
WVPACoopRevenueCals.FOR             m3active.mon
WVPACoopRevenueCals.FOR             spinlib.mon
WVPACoopRevenueCals.FOR             namescom.mon
WVPACoopRevenueCals.FOR             mthnmcom.mon
WVPACoopRevenueCals.FOR             finacstw.mon
WVPACoopRevenueCals.FOR             m3active.mon
WVPARTRK.FOR                        spinlib.mon
WVPARTRK.FOR                        spinlib.mon
WVPARTRK.FOR                        spinlib.mon
WVPARTRK.FOR                        mthnmcom.mon
WVPARTRK.FOR                        namescom.mon
aa_objt.f90                         spinlib.mon
aa_objt.f90                         spinlib.mon
cla_objt.for                        namescom.mon
cla_objt.for                        mthnmcom.mon
co_objt.for                         spinlib.mon
co_objt.for                         spinlib.mon
co_objt.for                         financom.mon
co_objt.for                         retlscom.mon
coal_obj.for                        spinlib.mon
coal_obj.for                        spinlib.mon
coal_obj.for                        namescom.mon
coal_obj.for                        mthnmcom.mon
coal_obj.for                        spinlib.mon
coal_obj.for                        spinlib.mon
coal_obj.for                        spinlib.mon
coal_obj.for                        spinlib.mon
coal_obj.for                        spinlib.mon
coal_obj.for                        spinlib.mon
coal_obj.for                        spinlib.mon
coal_obj.for                        spinlib.mon
coal_obj.for                        spinlib.mon
coal_obj.for                        spinlib.mon
cpl_objt.f90                        spinlib.mon
dsex_obj.for                        spinlib.mon
dsex_obj.for                        spinlib.mon
dsex_obj.for                        spinlib.mon
dsm_objt.for                        spinlib.mon
dsm_objt.for                        dsmcom.mon
dsm_objt.for                        retlscom.mon
dsm_objt.for                        dsmfncom.mon
dsm_objt.for                        dsmfrcom.mon
dsm_objt.for                        spinlib.mon
dsm_objt.for                        dsmfncom.mon
dsm_objt.for                        dsmfrcom.mon
dsm_objt.for                        spinlib.mon
dsm_objt.for                        dsmfrcom.mon
dsm_objt.for                        spinlib.mon
dsm_objt.for                        spinlib.mon
dsm_objt.for                        spinlib.mon
dsm_objt.for                        spinlib.mon
dsm_objt.for                        dsmfncom.mon
dsslam.for                          8800com.mon
dsslam.for                          retlscom.mon
ec_objt.f90                         spinlib.mon
enrglimt.for                        namescom.mon
enrglimt.for                        mthnmcom.mon
fc_objt.f90                         spinlib.mon
fi_objt.f90                         spinlib.mon
finanbse.for                        financom.mon
finanbse.for                        dsmfrcom.mon
finanbse.for                        retlscom.mon
finanbse.for                        mthnmcom.mon
fn_objt.f90                         spinlib.mon
fp_objt.for                         spinlib.mon
fp_objt.for                         spinlib.mon
fp_objt.for                         retlscom.mon
mainovl.f90                         spinlib.mon
margnobj.for                        mcbtncom.mon
margnobj.for                        mcbtncom.mon
margnobj.for                        mcbtncom.mon
margnobj.for                        mcbtncom.mon
margnobj.for                        mcbtncom.mon
margnobj.for                        mcbtncom.mon
midasmod.for                        dsmfrcom.mon
midasmod.for                        namescom.mon
midasmod.for                        mthnmcom.mon
midasmod.for                        mthnmcom.mon
midasmod.for                        mthnmcom.mon
midasmod.for                        mthnmcom.mon
msgandec.for                        dsmfrcom.mon
msgindex.f90                        spinlib.mon
msgmmasb.for                        spinlib.mon
msgmmasb.for                        finascom.mon
msgmmasb.for                        spinlib.mon
msgmmasb.for                        spinlib.mon
msgmmdbt.for                        spinlib.mon
msgmmdbt.for                        spinlib.mon
msgmmdbt.for                        mthnmcom.mon
msgmmdbt.for                        namescom.mon
msgmmdbt.for                        m3active.mon
msgmmdbt.for                        spinlib.mon
msgmmdbt.for                        finaccom.mon
msgmmdbt.for                        acrslcom.mon
msgmmdbt.for                        m3active.mon
msgmmdbt.for                        spinlib.mon
msgmmdbt.for                        finaccom.mon
msgmmdbt.for                        acrslcom.mon
msgmmdbt.for                        m3active.mon
msgmmdfd.for                        spinlib.mon
msgmmdfd.for                        spinlib.mon
msgmmdfd.for                        namescom.mon
msgmmdfd.for                        mthnmcom.mon
msgmmdfd.for                        m3active.mon
msgmmea.for                         spinlib.mon
msgmmea.for                         spinlib.mon
msgmmea.for                         namescom.mon
msgmmea.for                         m3active.mon
msgmmea.for                         spinlib.mon
msgmmea.for                         m3active.mon
msgmmea.for                         spinlib.mon
msgmmea.for                         namescom.mon
msgmmea.for                         mthnmcom.mon
msgmmea.for                         m3active.mon
msgmmea.for                         spinlib.mon
msgmmea.for                         spinlib.mon
msgmmfa.for                         spinlib.mon
msgmmfa.for                         spinlib.mon
msgmmfa.for                         namescom.mon
msgmmfa.for                         spinlib.mon
msgmmfa.for                         spinlib.mon
msgmmfa.for                         spinlib.mon
msgmmfa.for                         spinlib.mon
msgmmfa.for                         spinlib.mon
msgmmfa.for                         spinlib.mon
msgmmfa.for                         spinlib.mon
msgmmfa.for                         spinlib.mon
msgmmfa.for                         spinlib.mon
msgmmfa.for                         spinlib.mon
msgmmfa.for                         spinlib.mon
msgmmfa.for                         spinlib.mon
msgmmfa.for                         mthnmcom.mon
msgmmfv.for                         spinlib.mon
msgmmfv.for                         m3active.mon
msgmmfv.for                         spinlib.mon
msgmmfv.for                         spinlib.mon
msgmmfv.for                         m3active.mon
msgmmpyb.for                        spinlib.mon
msgmmpyb.for                        mthnmcom.mon
msgmmpyb.for                        mthnmcom.mon
msgmmsb6.for                        spinlib.mon
msgmmsb6.for                        finaccom.mon
msgmmsb6.for                        finacstw.mon
msgmmsb6.for                        acrslcom.mon
msgmmsb6.for                        ac_equiv.mon
msgmmsb6.for                        namescom.mon
msgmmsb6b.for                       finacstw.mon
msgmmsb6b.for                       finacstw.mon
msgmmtax.for                        spinlib.mon
msgmmtax.for                        spinlib.mon
msgmmtax.for                        namescom.mon
msgmmtax.for                        mthnmcom.mon
msgmmtax.for                        m3active.mon
msgmmtax.for                        spinlib.mon
msgnorm.for                         dsmfrcom.mon
msgoutpt.for                        dsmfrcom.mon
msgoutpt.for                        financom.mon
msgoutpt.for                        paltocom.mon
msgoutpt.for                        dsmfrcom.mon
msgoutpt.for                        dsmfrcom.mon
munirev.for                         paltocom.mon
munirev.for                         dsmfrcom.mon
munirev.for                         retlscom.mon
newfred2.for                        spinlib.mon
newfred2.for                        spinlib.mon
newfred2.for                        spinlib.mon
newfred2.for                        spinlib.mon
newfred2.for                        spinlib.mon
newfred2.for                        spinlib.mon
newfred2.for                        spinlib.mon
newfred2.for                        spinlib.mon
newfred2.for                        spinlib.mon
servicac.for                        namescom.mon
servicac.for                        mthnmcom.mon
snszmds.for                         spinlib.mon
snszmds.for                         retlscom.mon
snszmds.for                         8800com.mon
tf_objt.for                         spinlib.mon
tf_objt.for                         spinlib.mon
tf_objt.for                         namescom.mon
tf_objt.for                         mthnmcom.mon
tf_objt.for                         spinlib.mon
tf_objt.for                         spinlib.mon
tf_objt.for                         spinlib.mon
tf_objt.for                         spinlib.mon
tf_objt.for                         spinlib.mon
tf_objt.for                         spinlib.mon
tf_objt.for                         spinlib.mon
tf_objt.for                         spinlib.mon
tf_objt.for                         spinlib.mon
transobj.for                        spinlib.mon
up_objt.f90                         spinlib.mon
up_objt.f90                         spinlib.mon
wh_objt.for                         spinlib.mon
wh_objt.for                         spinlib.mon
wh_objt.for                         spinlib.mon
wh_objt.for                         spinlib.mon
wh_objt.for                         spinlib.mon
wh_objt.for                         spinlib.mon
wh_objt.for                         spinlib.mon
wh_objt.for                         spinlib.mon
wh_objt.for                         spinlib.mon
wh_objt.for                         spinlib.mon
wh_objt.for                         spinlib.mon
wh_objt.for                         spinlib.mon
wh_objt.for                         spinlib.mon
wh_objt.for                         spinlib.mon
wh_objt.for                         spinlib.mon
wh_objt.for                         mthnmcom.mon
wh_objt.for                         spinlib.mon
wh_objt.for                         spinlib.mon
wh_objt.for                         spinlib.mon
wh_objt.for                         spinlib.mon
wh_objt.for                         spinlib.mon
wh_objt.for                         spinlib.mon
