      CHARACTER*2 CL_LOAD_TYPE,
      CHARACTER*5 OVERLAY_FAMILY_NAME,FOSSILFL
      CHARACTER*36 THERMAL_GUID
      CHARACTER*48 UNIT_NAME
      CHARACTER*30 DESC,CO2_BASIN_NAME
      CHARACTER*256 FILE_NAME
      CHARACTER*256 BASE_FILE_DIRECTORY,OUTPUT_DIRECTORY
      CHARACTER*2048 :: RECLN
      CHARACTER (LEN=1) :: PHASE_I_STR
      CHARACTER*1 INTRA_COMPANY_TRANSACTION,
      CHARACTER*6    BASECASE_PLANT_ID,
      CHARACTER*20 COUNTY,NEWGEN_UNIT_STATUS,STATE_PROV_NAME
      CHARACTER*6 STATE_PROVINCE
      CHARACTER*1 EXPENSE_ASSIGNMENT,EXPENSE_COLLECTION,
      character*3 temp_expense_collection
      CHARACTER*22 FILE_TYPE/'Capacity-limited Units'/
      CHARACTER*1 NUCLEAR
      CHARACTER*2 FOSSILOL(0:MAX_CL_FILES-1)/MAX_CL_FILES*'BC'/
      CHARACTER*5 CL_FILE_BASE_NAMES(0:MAX_CL_FILES-1),
      CHARACTER*2 CL_FILE_CODES(0:MAX_CL_FILES-1)/
      CHARACTER*5
      CHARACTER*20   CAPACITY_MARKET_COST_ASSIGN
      CHARACTER*6 CL_FILE_BINARY_NAMES(0:MAX_CL_FILES-1)/'FOSIL ',
      CHARACTER*256 COMMAND1,COMMAND2
      CHARACTER*30 SCREEN_OUTPUT
      CHARACTER (LEN=20)  :: TECH_TYPE
      CHARACTER (LEN=15),DIMENSION(155) :: CL_VARIABLES
      CHARACTER (LEN=1) :: AGGREGATE_THIS_UNIT,
      CHARACTER*10 FUEL_BLENDING_IS
      character*256 :: misc_character_string
      character (len=1024) :: other_filename
      character (len=512) :: basename
         misc_character_string=""
         misc_character_string=int_to_string(FILE_ID)
!     LIMITED UNITS' CHARACTERISTICS ARE READ IN AND PLACED INTO THE
      CHARACTER (LEN=1), ALLOCATABLE :: PURCHASE_POWER_ASSIGN(:)
      CHARACTER (LEN=1)INTRA_COMPANY_TRANSACTION(MAX_CL_UNITS)
      CHARACTER*20 SPECIAL_UNIT_ID(MAX_CL_UNITS)
      CHARACTER (LEN=48) :: RPT_UNIT_NAME
      CHARACTER*2 LOAD_FILE_CHAR_EXT
      CHARACTER*3 GET_HOURLY_PRICE_NAME
      CHARACTER*5 MARKET_PRICE_NAME
      CHARACTER*256 FILE_NAME,PRB_FILE_DIRECTORY,OUTPUT_DIRECTORY
      CHARACTER*20 RETURN_UNITNM,MONTH_NAME,LOCAL_NAME
      CHARACTER*4 YEAR_CHR
      CHARACTER*5 NUNITS_CHR
      CHARACTER*2 CL_LOAD_TYPE
      CHARACTER*1 UNIT_ACTIVE,
      CHARACTER*6    BASECASE_PLANT_ID(MAX_CL_UNITS),
      CHARACTER*5  MARKET_ID,
      CHARACTER*20   CAPACITY_MARKET_COST_ASSIGN(MAX_CL_UNITS),
      CHARACTER*36 THERMAL_GUID
      CHARACTER*20 COUNTY,NEWGEN_UNIT_STATUS
      CHARACTER*25 CL_TRANS_NAME
      CHARACTER*6 STATE_PROVINCE,
      CHARACTER*20 SPECIAL_ID_NAME
      CHARACTER*1 DUMMY_TYPE
      CHARACTER*9 GROUP_NAME(0:MAX_REPORTING_GROUPS)/'Group 0',
      CHARACTER*6 PRIM_FUEL_TYPE_STR,TEMP_PRIM_FUEL_TYPE_STR
      CHARACTER*20      RDI_COMPANY_NAME,
      CHARACTER*30      RDI_DESC,CO2_BASIN_NAME
      CHARACTER*20 R_NAME
      CHARACTER*9 CL_MONTH_NAME(14)
         CHARACTER (LEN=1) :: PHASE_I_STR
         CHARACTER (LEN=46) :: UNIT_NAME
         CHARACTER (LEN=48) :: TEMP_UNIT_NAME
      CHARACTER (LEN=4096) :: RECLN
      CHARACTER (LEN=256) :: BASE_FILE_DIRECTORY
      CHARACTER (LEN=2) :: CAPACITY_PLANNING_METHOD,GREEN_MRX_METHOD,
      CHARACTER (LEN=18) :: TEMP_EXPENSE_ASSIGNMENT,
      CHARACTER (LEN=10) :: TEMP_SEC_FUEL_TYPE,
      CHARACTER (LEN=3) :: TEMP_INTRA_COMPANY_TRANSACTION
      CHARACTER (LEN=15) :: TEMP_UTILITY_OWNED
      CHARACTER (LEN=6) :: TEMP_MARKET_RESOURCE
      CHARACTER (LEN=9) :: TEMP_START_UP_LOGIC,
      CHARACTER (LEN=5) :: TEMP_UNIT_ACTIVE,
      CHARACTER (LEN=20) :: TEMP_WVPA_RATE_TRACKER,
      CHARACTER*30 SCREEN_OUTPUT
      character (len=1024) :: name_of_file
     +               CONVERT_2_STR(RETIRE_RETRO_UPLIFT_PER_TON(TEMP_I2))   ! 48 CHARACTERS
      ENTRY CLA_RETURN_UNITNM(R_NUNITS,R_NAME) ! character 20 used in tf_objt, fuelused, clreport
      FUNCTION SPECIAL_ID_NAME(R_NUNITS)  ! character 20 used in margnobj and catawba
      CHARACTER*20 SPECIAL_ID_NAME,RETURN_UNITNM,R_NAME
         VOID_LOGICAL = CLA_SPECIAL_ID_NAME(R_NUNITS,R_NAME)  ! character 20 used in margnobj and catawba
      ENTRY RETURN_UNITNM(R_NUNITS) ! character 20 used in tf_objt, fuelused, clreport
         CHARACTER*5 CL_UNIQUE_RPT_STR,RPT_STR
      CHARACTER*5 R_UNIT_STR
      CHARACTER (LEN=2) :: GREEN_MRX_METHOD
      CHARACTER (LEN=20) :: MONTH_NAME,LOCAL_NAME
