      logical, save :: cl_21_hit=.false., cl_31_hit=.false.
      LOGICAL*1 PHASE_I
      logical :: file_exists
      LOGICAL ACTIVE_BASE_CL_FILES(0:MAX_CL_FILES-1)/
      LOGICAL*1 CL_FILES_ARE_ACTIVE/.FALSE./,R_CL_FILES_ARE_ACTIVE
      LOGICAL*1 LAHEY_LF95
      LOGICAL (KIND=1) :: SP_CAPEX_ACTIVE,SPCapExOption
      logical :: fe ! Can't be declared in entry; must be declared here.
      LOGICAL (KIND=1) :: RETROFIT_UNIT_IS_ACTIVE(MAX_CL_UNITS),
      LOGICAL (KIND=1), ALLOCATABLE :: MAINT_DIVISIBLE(:)
      LOGICAL (KIND=4) :: temp_grx_converged,GRX_CO2_MARKET_LOGIC
      LOGICAL*1   RETURN_CL_INTRA_CLASS_REVENUES,INIT_MON_MDS_CL_UNITS,
      LOGICAL*1 RETURN_CL_INTRA_EXPENSES,
      LOGICAL*4 FILE_EXISTS
      LOGICAL*1 CL_RESET_PRICES,TRANS_ANNUAL_UNIT_RETIREMENT,
      LOGICAL*1 PUT_THERMAL_RPS_ENRG_CAP,
      LOGICAL*4 NEW_CL_UNIT_OPENED,RDI_FILE_EXISTS,
      LOGICAL*1 RETURN_CL_ASSET_CLASS_PROD,
      LOGICAL*1 SUBTRACT_IT,REPORT_THIS_CL_UNIT
      LOGICAL*1 GET_START_UP_LOGIC,GET_CL_BASECASE_MARKET_ID,
     +          R_LOGICAL
      LOGICAL*1 VOID_LOGICAL,GET_PURCHASE_POWER_ASSIGN,
      LOGICAL*1 RETURN_ASSET_CLASS_LISTS,PICK_FOR_SEED_OPTIONS,
      LOGICAL*1      CAP_MARKET_ACTIVE,CAP_MARKET_SALE,
      LOGICAL*1 OFFSET_MAINTENANCE_VECTORS,OFFSET_MAINTENANCE_ACTIVE,
      LOGICAL*1 FALSE_BYTE/.FALSE./,
      LOGICAL*1 R_CLASS_EXISTS
      LOGICAL*1   MAINTENANCE_REPORT_NOT_OPEN/.TRUE./,
      LOGICAL*1 SHADOW_UNITS_ACTIVE
      LOGICAL*1 ACCUMULATE_MAINTENANCE,MAINTENANCE_IS_ACCUMULATED
      LOGICAL*1 GET_BLOCK_CAP_FACTORS
      LOGICAL*1 NUC_FUEL_PRICES_FROM_FUEL_FILE(MAX_CL_UNITS),
      LOGICAL*1 BASE_EL_REVENUE_CASE,
      LOGICAL*1 CLA_SPECIAL_ID_NAME,CLA_RETURN_UNITNM
      LOGICAL*1 ECITY_OBJ_REPORT,
      LOGICAL*1 PROCESSING_FIRST_DATA_FILE
      LOGICAL*1 TRANSACT_ACTIVE_IN_ENDPOINT
      LOGICAL (KIND=4) :: EFORS0=.FALSE., SORS0=.FALSE.
         LOGICAL (KIND=1) :: SP_CAPEX_ACTIVE
      LOGICAL (KIND=1) :: MRX_TEXT_FILE_NOT_OPEN=.TRUE.,
      LOGICAL (KIND=4) :: MRX_TEXT_FILE_OPEN=.FALSE.
      ENTRY PUT_CLA_UNIT_UP_YESTERDAY(R_NUNITS,R_LOGICAL)
         PUT_CLA_UNIT_UP_YESTERDAY = R_LOGICAL
         CLA_UNIT_UP_YESTERDAY(R_NUNITS) = R_LOGICAL
               VOID_LOGICAL = PICK_FOR_SEED_OPTIONS(FOR_SEED_OPTIONS)
               VOID_LOGICAL = GET_PURCHASE_POWER_ASSIGN(I,
            VOID_LOGICAL=RETURN_ASSET_CLASS_LISTS(ASSET_CLASS,
            VOID_LOGICAL=RETURN_ASSET_CLASS_LISTS(ASSET_CLASS,
      LOGICAL*1 VOID_LOGICAL,CLA_SPECIAL_ID_NAME,CLA_RETURN_UNITNM
         VOID_LOGICAL = CLA_SPECIAL_ID_NAME(R_NUNITS,R_NAME)  ! character 20 used in margnobj and catawba
         VOID_LOGICAL = CLA_RETURN_UNITNM(R_NUNITS,R_NAME)
      logical*1 MonotoneIncr
      LOGICAL (KIND=4) :: SUBTRACT_IT
      LOGICAL*1 RESURRECT_RETROFIT_UNIT
