      real(kind=4) :: p_fuel_deliv_2_ord
      REAL AI_TAX_LIFE,
! CHANGED FROM INTEGER*2 TO REAL 5/14/92 ADDED THE ID AS INTEGER*1
      REAL MW(2),ANNUAL_CL_FIXED_COST,CO2_PIPELINE_DISTANCE,
      REAL :: FRAOWN,FUELMX,PRFCST,SEFCST,EFOR,FUELADJ,MAINRT(12),
      REAL P_SO2,P_NOX_BK1,P_CO2,P_NOX,P_PARTICULATES,
      REAL PLANNING_FACTOR
      REAL*4         CAPACITY_MARKET_COIN_ADJ_FACT
      REAL (KIND=4) :: FIRST_YEAR_DECOMM_AVAIALABLE
      REAL (KIND=4) :: DECOMMISSIONING_BASE_YR_COST,
      REAL (KIND=4) :: MN_RATE,TEMP_REAL,
      REAL (KIND=4), ALLOCATABLE :: RETIRE_RETRO_UPLIFT_PER_TON(:),
      REAL (KIND=8),ALLOCATABLE :: MON_MDS_CL_UNIT_MMBTUS(:,:)
      REAL (KIND=4) :: ITER_0_ECON_RETIRE_MARGIN(MAX_CL_UNITS),
      REAL (KIND=4) :: UNIT_ANNUAL_GROSS_MARGIN,RETIREMENT_MEASURE,
      REAL (KIND=4) :: RPT_RETIREMENTS_MW,RPT_RETIREMENTS_MWH,
      REAL*4 MONTH_VARS(0:12,1:*),TRANS_DISPATCH_EMIS_ADDER
      REAL R_MONTHLY_OWNED_NF(0:12),
      REAL (KIND=4) :: RETRO_CAP_CO2_MULT
      REAL*4 R_INTRA_BASE_REVENUES,
      REAL INTRA_FOSSIL_FUEL_EXPENSES,
      REAL*4 R_INTRA_FOSSIL_FUEL_EXPENSES,
      REAL*8      R_HEAT
      REAL GET_CL_MW_FROM_POINTR,R_POINTR,MONTH_MULT,VOID_REAL,
      REAL*4    TEMP_ENRG,
      REAL CAP_MW,GET_CLASS_PEAK_NET_DSM_FOR_CAP,
      REAL GET_CL_TG_CAP,
      REAL*4         GET_CAP_MARKET_REVENUE,
      REAL*4
      REAL UNIT_CAPACITY,
      REAL CL_CAPACITY_PLANNING_ADJUSTMENTS
      REAL CL_PLANNING_LOAD_REDUCTION
      REAL FUEL_MIX_PTR(MAX_CL_UNITS),
      REAL  GET_CLASS_PEAK_NET_DSM,PERIOD_RATE,FOR_MT,
      REAL*4 ALLOCATION_VALUE(AVAIL_DATA_YEARS)
      REAL*4 TOTAL_MONTHLY_MAINTENANCE(0:12),
      REAL*4 UNSCHEDULED_MAINT_HOURS
      REAL R_NUC_FUEL_LEASED,
      REAL RETURN_ECITIES_OBJ_VARS
      REAL        DAYS_PER_MONTH(13)/31.,28.,31.,30.,31.,30.,31.,
      REAL*4   EL_BASE_REVENUE_RATE,EL_PEAK_REVENUE_RATE,
      REAL*4 EL_BASE_RATE,EL_PEAK_RATE,
      REAL GET_CL_EMISSIONS,GET_CL_EMISS_FOR_CLASS
      REAL ASSET_ALLOCATOR
      REAL R_CLASS_CL_EMISSIONS(NUMBER_OF_EMISSION_TYPES),
      REAL*4 TEMP_CL_MAINTENANCE,MAINTENANCE_CAPACITY
      REAL*4 MMBTU_ENERGY,MWH_ENERGY,
      REAL*8 R_MMBTU_FUEL_BALANCE(*)
      REAL*4      RDI_DEMONSTRATED_CAPACITY_MW,
      REAL*4 GADS_FOR(8,5), GADS_MOR(8,5)
      REAL*4   GET_POWERDAT_PLANT_ID,
      REAL*4 R_PNL_FUEL_COST(*),
         REAL (KIND=4) :: CL_CAPACITY_PLANNING_REMOVALS
      REAL (KIND=4) :: ESCAL_RATE
               VOID_REAL =
            TEMP_REAL = CM_RETIREMENT_KW(CM)
     +          'IN-CM_RETIRE_KW',TEMP_REAL
     +        real(PRIMARY_FUEL_ID),
                  ELSEIF(SCHEDULE_FO) THEN ! DO I REALLY NEED TO DO DETAILED REGARDLESS OF DETAILED SWITCH?
      REAL FUNCTION GET_CL_POOL_FRAC_OWN(R_NUNITS)
      real*4 x0,x1,y0,y1,s0,s1,t0,C_0,C_1,C_2,C_3
      REAL (KIND=4) :: R_CL_CAPACITY_PLANNING_ADJUSTMENTS
      REAL (KIND=4) :: UNIT_CAPACITY,CAP_MW,VOID_REAL4,R_POINTR,
      REAL (KIND=4) :: GET_CL_MW_FROM_POINTR,
