      CHARACTER (len=2) ::  CL_LOAD_TYPE,
      CHARACTER (len=5) ::  OVERLAY_FAMILY_NAME,FOSSILFL
      CHARACTER (len=36) ::  THERMAL_GUID
      CHARACTER (len=48) ::  UNIT_NAME
      CHARACTER (len=30) ::  DESC,CO2_BASIN_NAME
      CHARACTER (len=256) ::  FILE_NAME
      CHARACTER (len=256) ::  BASE_FILE_DIRECTORY,OUTPUT_DIRECTORY
      CHARACTER (len=2048) :: RECLN
      CHARACTER (LEN=1) :: PHASE_I_STR
      CHARACTER (len=1) ::  INTRA_COMPANY_TRANSACTION,
      CHARACTER (len=6) ::     BASECASE_PLANT_ID,
      CHARACTER (len=20) ::  COUNTY,NEWGEN_UNIT_STATUS,STATE_PROV_NAME
      CHARACTER (len=6) ::  STATE_PROVINCE
      CHARACTER (len=1) ::  EXPENSE_ASSIGNMENT,EXPENSE_COLLECTION,
      character (len=3) ::  temp_expense_collection
      CHARACTER (len=22) ::  FILE_TYPE/'Capacity-limited Units'/
      CHARACTER (len=1) ::  NUCLEAR
      CHARACTER (len=2) ::
      CHARACTER (len=5) ::  CL_FILE_BASE_NAMES(0:MAX_CL_FILES-1),
      CHARACTER (len=2) ::  CL_FILE_CODES(0:MAX_CL_FILES-1)/
      CHARACTER (len=5) :: 
      CHARACTER (len=20) ::    CAPACITY_MARKET_COST_ASSIGN
      CHARACTER (len=6) ::  CL_FILE_BINARY_NAMES(0:MAX_CL_FILES-1)/'FOSIL '
      CHARACTER (len=6) ::
      CHARACTER (len=256) ::  COMMAND1,COMMAND2
      CHARACTER (len=30) ::  SCREEN_OUTPUT
      CHARACTER (LEN=20)  :: TECH_TYPE
      CHARACTER (LEN=15) ,DIMENSION(155) :: CL_VARIABLES
      CHARACTER (LEN=1) :: AGGREGATE_THIS_UNIT,
      CHARACTER (len=10) ::  FUEL_BLENDING_IS
      character (len=256) :: misc_character_string
      character (len=1024) :: other_filename
      character (len=512) :: basename
         misc_character_string=""
         misc_character_string=int_to_string(FILE_ID)
!     LIMITED UNITS' CHARACTERISTICS ARE READ IN AND PLACED INTO THE
      CHARACTER (LEN=1) , ALLOCATABLE :: PURCHASE_POWER_ASSIGN(:)
      CHARACTER (LEN=1) INTRA_COMPANY_TRANSACTION(MAX_CL_UNITS :: 
      CHARACTER (len=20) ::  SPECIAL_UNIT_ID(MAX_CL_UNITS)
      CHARACTER (LEN=48) :: RPT_UNIT_NAME
      CHARACTER (len=2) ::  LOAD_FILE_CHAR_EXT
      CHARACTER (len=3) ::  GET_HOURLY_PRICE_NAME
      CHARACTER (len=5) ::  MARKET_PRICE_NAME
      CHARACTER (len=256) ::  FILE_NAME
      CHARACTER (len=256) ::  PRB_FILE_DIRECTORY,OUTPUT_DIRECTORY
      CHARACTER (len=20) ::  RETURN_UNITNM,MONTH_NAME,LOCAL_NAME
      CHARACTER (len=4) ::  YEAR_CHR
      CHARACTER (len=5) ::  NUNITS_CHR
      CHARACTER (len=2) ::  CL_LOAD_TYPE
      CHARACTER (len=1) ::  UNIT_ACTIVE,
      CHARACTER (len=6) ::     BASECASE_PLANT_ID(MAX_CL_UNITS),
      CHARACTER (len=5) ::   MARKET_ID,
      CHARACTER (len=20) ::    CAPACITY_MARKET_COST_ASSIGN(MAX_CL_UNITS)
      CHARACTER (len=20) ::
      CHARACTER (len=36) ::  THERMAL_GUID
      CHARACTER (len=20) ::  COUNTY,NEWGEN_UNIT_STATUS
      CHARACTER (len=25) ::  CL_TRANS_NAME
      CHARACTER (len=6) ::  STATE_PROVINCE,
      CHARACTER (len=20) ::  SPECIAL_ID_NAME
      CHARACTER (len=1) ::  DUMMY_TYPE
      CHARACTER (len=9) ::  GROUP_NAME(0:MAX_REPORTING_GROUPS)/'Group 0'
      CHARACTER (len=9) ::
      CHARACTER (len=6) ::  PRIM_FUEL_TYPE_STR,TEMP_PRIM_FUEL_TYPE_STR
      CHARACTER (len=20) ::       RDI_COMPANY_NAME,
      CHARACTER (len=30) ::       RDI_DESC,CO2_BASIN_NAME
      CHARACTER (len=20) ::  R_NAME
      CHARACTER (len=9) ::  CL_MONTH_NAME(14)
         CHARACTER (LEN=1) :: PHASE_I_STR
         CHARACTER (LEN=46) :: UNIT_NAME
         CHARACTER (LEN=48) :: TEMP_UNIT_NAME
      CHARACTER (LEN=4096) :: RECLN
      CHARACTER (LEN=256) :: BASE_FILE_DIRECTORY
      CHARACTER (LEN=2) :: CAPACITY_PLANNING_METHOD,GREEN_MRX_METHOD,
      CHARACTER (LEN=18) :: TEMP_EXPENSE_ASSIGNMENT,
      CHARACTER (LEN=10) :: TEMP_SEC_FUEL_TYPE,
      CHARACTER (LEN=3) :: TEMP_INTRA_COMPANY_TRANSACTION
      CHARACTER (LEN=15) :: TEMP_UTILITY_OWNED
      CHARACTER (LEN=6) :: TEMP_MARKET_RESOURCE
      CHARACTER (LEN=9) :: TEMP_START_UP_LOGIC,
      CHARACTER (LEN=5) :: TEMP_UNIT_ACTIVE,
      CHARACTER (LEN=20) :: TEMP_WVPA_RATE_TRACKER,
      CHARACTER (len=30) ::  SCREEN_OUTPUT
      character (len=1024) :: name_of_file
     +               CONVERT_2_STR(RETIRE_RETRO_UPLIFT_PER_TON(TEMP_I2))   ! 48 CHARACTERS
      ENTRY CLA_RETURN_UNITNM(R_NUNITS,R_NAME) ! character 20 used in tf_objt, fuelused, clreport
      FUNCTION SPECIAL_ID_NAME(R_NUNITS)  ! character 20 used in margnobj and catawba
      CHARACTER (len=20) ::  SPECIAL_ID_NAME,RETURN_UNITNM,R_NAME
         VOID_LOGICAL = CLA_SPECIAL_ID_NAME(R_NUNITS,R_NAME)  ! character 20 used in margnobj and catawba
      ENTRY RETURN_UNITNM(R_NUNITS) ! character 20 used in tf_objt, fuelused, clreport
         CHARACTER (len=5) ::  CL_UNIQUE_RPT_STR,RPT_STR
      CHARACTER (len=5) ::  R_UNIT_STR
      CHARACTER (LEN=2) :: GREEN_MRX_METHOD
      CHARACTER (LEN=20) :: MONTH_NAME,LOCAL_NAME
