      INTEGER (kind=2) ::  IREC
      INTEGER (kind=2) ::  INUNIT
      INTEGER (kind=2) ::  DELETE
      INTEGER (kind=2) ::
      INTEGER (kind=2) ::  UNIT_NO,R_ACTIVE_CL_RECORDS,
      INTEGER ::  IOS,IOS_BASE
      INTEGER (kind=2) ::  GENGRP,ONLIMO,ONLIYR,OFLIMO,OFLIYR,
      INTEGER (kind=2) ::  TRANSACTION_GROUP_ID,DAY_TYPE_ID
! CHANGED FROM INTEGER*2 TO REAL 5/14/92 ADDED THE ID AS INTEGER*1
      INTEGER (kind=2) ::  RESOURCE_ID,P_FUEL_SUPPLY_ID
      INTEGER (kind=2) ::  ANNUAL_CL_FIXED_COST_ESC
       INTEGER (kind=2) ::  SEC_EMISS_PTR,EMISS_FUEL_ESCAL,
      INTEGER (kind=2) ::  NUCLEAR_UNITS_ACTIVE,R_NUM_OF_NUCLEAR_UNITS
      INTEGER (kind=8) ::  HESI_UNIT_ID_NUM_ord,
      INTEGER ::  ! H2_UNIT_ID_NUM,
      INTEGER ::  FILE_NUMBER,FILE_ID
      INTEGER ::  MAX_CL_FILES,R_MAX_CL_FILES
      INTEGER (kind=2) ::
      INTEGER (kind=2) ::
      INTEGER (kind=2) ::  NUC_UNITS_IN_OL_FILE(0:MAX_CL_FILES-1)
      INTEGER (kind=2) ::  NUC_RECORD_POSITION(200,0:MAX_CL_FILES-1)
      INTEGER (kind=2) ::  ONLINE,OFLINE ! 2/19/98. GAT. CHANGED FROM 50
      INTEGER (kind=2) :: 
      integer :: min_tmp
      integer :: gctg_result
      INTEGER (KIND=2), ALLOCATABLE :: TG_2_PLANNING_AREA(:),
      INTEGER (KIND=2) :: CAP_LIMITED_CLASS_POINTER(1024),
      INTEGER (KIND=4) :: DA_ERR,CPO_REC,RESET_REC
      INTEGER (KIND=2) :: RETURN_MONTHLY_CL_EXPENSES,R_YR,
      INTEGER (kind=2) ::  MAX_INTRA_CLASS,
      INTEGER (kind=2) ::    R_ISEAS,R_UNITNO,
      INTEGER (kind=4) ::    VALUES_2_ZERO,
      INTEGER (kind=2) ::    CL_UNITS_READ,CL_RECORDS,EMISS_TYPE,
      INTEGER (kind=2) ::  DELETE,ON_LINE_MONTH,ON_LINE_YEAR,
      INTEGER ::  IOS,IRAN32,IRAN32_OUT,CO2_ABATEMENT_REC
      INTEGER (kind=2) ::  NUMBER_OF_CL_UNITS
      INTEGER (kind=2) ::  RETURN_SHADOW_UNIT_NUMBER,AI_REMAINING_LIFE
      INTEGER (kind=2) ::  SET_AI_CL_REMAINING_LIFE,LOCAL_POINTER
      INTEGER (kind=2) ::  ADD_NEW_CL_UNIT,
      INTEGER (kind=2) ::  TEMP_RPS_NO,
      INTEGER (kind=2) ::  ! INSTALLED_POINTER/0/,
      INTEGER (kind=2) ::  PEAK_MONTH ! ,CL_CAPACITY_TEMP_RETIRE_UNIT
      INTEGER (kind=2) ::  UNIT_NO,R_UNIT_NO
      INTEGER (kind=2) ::  PT_YR,YEAR_START,YEAR_END,UNIT_OFF_YEAR
      INTEGER (kind=2) :: 
      INTEGER (kind=2) ::  R_YEAR,ST
      INTEGER ::  R_CAP_TYPE
      INTEGER (kind=2) ::  POINTER,UNIT_ON_LINE_YEAR,
      INTEGER (kind=2) ::  R_TRANSACTION_GROUP,
      INTEGER (kind=2) ::  TEMP_I2,
      INTEGER (kind=2) ::  J,BASE_DATE,GET_YR,R_I,R_J,LAST_ACTIVE_UNIT,
      INTEGER (kind=2) ::  GGI,MONTHLY_INTEGER(12)
      INTEGER (kind=2) ::  ALLOCATION_VECTOR
      INTEGER (kind=2) ::  RETURN_NUM_CAP_LIMITED_CLASSES,
      INTEGER (kind=2) ::  GET_CL_ASSET_CLASS_INFO,
      INTEGER (kind=2) ::  R_ASSET_CLASS_NUM(*),
      INTEGER (kind=2) ::  NUMBER_OF_CAP_LIMITED_CLASSES,
      INTEGER (kind=2) ::    CL_MAINT_NO,MAINTENANCE_HEADER,BEGIN_DATE
      INTEGER ::  CL_MAINT_REC
      INTEGER (kind=2) ::  RETURN_CL_FUEL_POINTERS,
      INTEGER (kind=2) ::  R_P_BTU_COST_POINTR(*),
      INTEGER (kind=2) ::    UPDATE_PR_ESCALATIONS,ESCALATE_ONE_VALUE,
      INTEGER (kind=2) ::  CURRENT_YEAR,CURRENT_YEAR_COMPARISON,UNUM,
      INTEGER (kind=2) ::  CL_EXPENSES_2_ASSET_CLASSES,
      INTEGER (kind=2) ::  R_EMISS_TYPE
      INTEGER (kind=2) ::  MO,MY_SHADOW,NUM_OF_NUCLEAR_UNITS
      INTEGER (kind=2) ::  MW_MAINT_NO
      INTEGER ::  MW_MAINT_REC
      INTEGER (kind=2) ::  R_NBLOK2
      INTEGER (kind=2) ::  FUEL_ID,UNITNO,R_FUEL_INVENTORY_ID(0:*)
      INTEGER (kind=2) ::  RDI_SIZE_INDEX
      INTEGER (kind=2) ::  RDI_FUEL_INDEX,GET_PRIMARY_MOVER
      INTEGER (kind=8)   ::
      INTEGER ::      ! H2_UNIT_ID_NUM,
      INTEGER (kind=2) ::  ON_LINE_MONTH_TEMP
      INTEGER (kind=2) ::  ECITY_VARIABLE_NUMBER,
      INTEGER ::    ECITY_OBJ_REC
      INTEGER (kind=2) ::  MAX_CL_FILES/36/
      INTEGER ::    FILE_ID
      INTEGER (kind=4) ::  UNIQUE_ID_NUM
      INTEGER (kind=4) ::  CL_UNIT_UNIQUE_RPT_ID(MAX_CL_UNITS)
      INTEGER (kind=4) ::  UNIQUE_REPORT_VALUE_FOR_CL_UNIT
      INTEGER (kind=2) ::  RETURN_MONTHLY_CL_CASH_EXPENSES
      INTEGER (kind=2) ::  RETURN_MONTHLY_CL_REVENUES
      INTEGER (kind=2) ::  RETURN_MONTHLY_CL_CASH_REVENUES
         INTEGER (KIND=2) :: ID,UNIT_NAME_COUNT(MAX_CL_UNITS)
         INTEGER (KIND=2) :: GET_MARKET_PRICE_YEAR
      INTEGER (KIND=2) :: YEAR_CHECK,YR
      INTEGER (KIND=2) :: END_POINT_CHECK=-999,
      ENTRY GET_NEWGEN_INDEX(R_NUNITS) ! INTEGER*2
                           MONTHLY_INTEGER(MO) = 0
!                              MONTHLY_INTEGER(MO) =
                                 MONTHLY_INTEGER(MO) = 0
                                 MONTHLY_INTEGER(MO) = 1
                              MONTHLY_INTEGER(MO) = 1
     +                  MONTHLY_INTEGER,
      INTEGER (KIND=2) :: R_NUNITS
      INTEGER (kind=2) ::  R_NUNITS
         INTEGER (kind=2) ::  R_UNIT,CL_NUM
         INTEGER (kind=4) ::  UNIQUE_REPORT_VALUE_FOR_CL_UNIT
      INTEGER (kind=2) ::  CAP_MARKET_MONTH_NO_INDEX
      INTEGER (KIND=2) :: UNIT_NO,R_UNIT_NO,YEAR_START,YEAR_END,
      INTEGER (KIND=4) :: ST
      INTEGER (KIND=2), PARAMETER :: MAX_NEWGEN_INDEX = 10
      INTEGER (KIND=2) :: PEAK_MONTH,GET_TRANS_GROUP_POSITION,
